[23-May-2018 09:55:20 UTC] PHP Fatal error:  Class 'Requests_Hooks' not found in /app/public/wp-includes/class-wp-http-requests-hooks.php on line 17
[23-May-2018 09:55:20 UTC] PHP Fatal error:  Uncaught Error: Class 'WP_CLI\SynopsisValidator' not found in phar:///usr/local/bin/wp/php/WP_CLI/Dispatcher/Subcommand.php:254
Stack trace:
#0 phar:///usr/local/bin/wp/php/WP_CLI/Dispatcher/Subcommand.php(386): WP_CLI\Dispatcher\Subcommand->validate_args(Array, Array, Array)
#1 phar:///usr/local/bin/wp/php/WP_CLI/Runner.php(323): WP_CLI\Dispatcher\Subcommand->invoke(Array, Array, Array)
#2 phar:///usr/local/bin/wp/php/WP_CLI/Runner.php(330): WP_CLI\Runner->run_command(Array, Array)
#3 phar:///usr/local/bin/wp/php/WP_CLI/Runner.php(985): WP_CLI\Runner->_run_command()
#4 phar:///usr/local/bin/wp/php/WP_CLI/Bootstrap/LaunchRunner.php(23): WP_CLI\Runner->start()
#5 phar:///usr/local/bin/wp/php/bootstrap.php(75): WP_CLI\Bootstrap\LaunchRunner->process(Object(WP_CLI\Bootstrap\BootstrapState))
#6 phar:///usr/local/bin/wp/php/wp-cli.php(23): WP_CLI\bootstrap()
#7 phar:///usr/local/bin/wp/php/boot-phar.php(8): include('phar:///usr/loc...')
#8 /usr/local/bin/wp(4): include('phar:///usr/loc...')
#9 {main}
  thrown in phar:///usr/local/bin/wp/php/WP_CLI/Dispatcher/Subcommand.php on line 254
[23-May-2018 12:33:30 UTC] PHP Parse error:  syntax error, unexpected '<', expecting end of file in /app/public/experiment.php on line 3
[23-May-2018 13:44:00 UTC] PHP Fatal error:  Uncaught ArgumentCountError: Too few arguments to function greet(), 1 passed in /app/public/wp-content/themes/zohdys-university-theme/index.php on line 5 and exactly 2 expected in /app/public/wp-content/themes/zohdys-university-theme/index.php:2
Stack trace:
#0 /app/public/wp-content/themes/zohdys-university-theme/index.php(5): greet('John')
#1 /app/public/wp-includes/template-loader.php(74): include('/app/public/wp-...')
#2 /app/public/wp-blog-header.php(19): require_once('/app/public/wp-...')
#3 /app/public/index.php(17): require('/app/public/wp-...')
#4 {main}
  thrown in /app/public/wp-content/themes/zohdys-university-theme/index.php on line 2
[23-May-2018 14:21:19 UTC] PHP Warning:  count() expects at least 1 parameter, 0 given in /app/public/wp-content/themes/zohdys-university-theme/index.php on line 5
[24-May-2018 17:58:21 UTC] PHP Parse error:  syntax error, unexpected 'wp_enqueue_style' (T_STRING) in /app/public/wp-content/themes/zohdys-university-theme/functions.php on line 5
[24-May-2018 17:58:22 UTC] PHP Parse error:  syntax error, unexpected 'wp_enqueue_style' (T_STRING) in /app/public/wp-content/themes/zohdys-university-theme/functions.php on line 5
[24-May-2018 18:04:59 UTC] PHP Parse error:  syntax error, unexpected 'page' (T_STRING) in /app/public/wp-content/themes/zohdys-university-theme/index.php on line 6
[25-May-2018 01:27:07 UTC] PHP Fatal error:  Uncaught ArgumentCountError: Too few arguments to function wp_get_post_parent_id(), 0 passed in /app/public/wp-content/themes/zohdys-university-theme/page.php on line 21 and exactly 1 expected in /app/public/wp-includes/post.php:6135
Stack trace:
#0 /app/public/wp-content/themes/zohdys-university-theme/page.php(21): wp_get_post_parent_id()
#1 /app/public/wp-includes/template-loader.php(74): include('/app/public/wp-...')
#2 /app/public/wp-blog-header.php(19): require_once('/app/public/wp-...')
#3 /app/public/index.php(17): require('/app/public/wp-...')
#4 {main}
  thrown in /app/public/wp-includes/post.php on line 6135
[25-May-2018 20:22:35 UTC] PHP Parse error:  syntax error, unexpected ')' in /app/public/wp-content/themes/zohdys-university-theme/header.php on line 17
[25-May-2018 20:22:45 UTC] PHP Parse error:  syntax error, unexpected ')' in /app/public/wp-content/themes/zohdys-university-theme/header.php on line 17
[25-May-2018 20:22:46 UTC] PHP Parse error:  syntax error, unexpected ')' in /app/public/wp-content/themes/zohdys-university-theme/header.php on line 17
[25-May-2018 20:22:46 UTC] PHP Parse error:  syntax error, unexpected ')' in /app/public/wp-content/themes/zohdys-university-theme/header.php on line 17
[25-May-2018 20:22:47 UTC] PHP Parse error:  syntax error, unexpected ')' in /app/public/wp-content/themes/zohdys-university-theme/header.php on line 17
[27-May-2018 21:00:47 UTC] PHP Fatal error:  Uncaught Error: Call to undefined function signle_cat_title() in /app/public/wp-content/themes/zohdys-university-theme/archive.php:10
Stack trace:
#0 /app/public/wp-includes/template-loader.php(74): include()
#1 /app/public/wp-blog-header.php(19): require_once('/app/public/wp-...')
#2 /app/public/index.php(17): require('/app/public/wp-...')
#3 {main}
  thrown in /app/public/wp-content/themes/zohdys-university-theme/archive.php on line 10
[27-May-2018 21:53:33 UTC] PHP Fatal error:  Uncaught Error: Call to a member function have_posts() on null in /app/public/wp-content/themes/zohdys-university-theme/front-page.php:52
Stack trace:
#0 /app/public/wp-includes/template-loader.php(74): include()
#1 /app/public/wp-blog-header.php(19): require_once('/app/public/wp-...')
#2 /app/public/index.php(17): require('/app/public/wp-...')
#3 {main}
  thrown in /app/public/wp-content/themes/zohdys-university-theme/front-page.php on line 52
[27-May-2018 22:14:32 UTC] PHP Parse error:  syntax error, unexpected '/' in /app/public/wp-content/themes/zohdys-university-theme/front-page.php on line 58
[29-May-2018 10:35:09 UTC] PHP Parse error:  syntax error, unexpected end of file in /app/public/wp-content/themes/zohdys-university-theme/functions.php on line 19
[29-May-2018 10:35:09 UTC] PHP Parse error:  syntax error, unexpected end of file in /app/public/wp-content/themes/zohdys-university-theme/functions.php on line 19
[29-May-2018 10:36:26 UTC] PHP Warning:  call_user_func_array() expects parameter 1 to be a valid callback, function 'university_post_types' not found or invalid function name in /app/public/wp-includes/class-wp-hook.php on line 286
[29-May-2018 10:45:32 UTC] PHP Warning:  call_user_func_array() expects parameter 1 to be a valid callback, function 'university_post_types' not found or invalid function name in /app/public/wp-includes/class-wp-hook.php on line 286
[29-May-2018 10:45:32 UTC] PHP Warning:  call_user_func_array() expects parameter 1 to be a valid callback, function 'university_post_types' not found or invalid function name in /app/public/wp-includes/class-wp-hook.php on line 286
[29-May-2018 10:51:00 UTC] PHP Fatal error:  Cannot redeclare university_post_types() (previously declared in /app/public/wp-content/mu-plugins/university-post-types.php:3) in /app/public/wp-content/themes/zohdys-university-theme/functions.php on line 20
[29-May-2018 21:57:52 UTC] PHP Recoverable fatal error:  Object of class WP_Query could not be converted to string in /app/public/wp-content/themes/zohdys-university-theme/front-page.php on line 20
[29-May-2018 21:57:54 UTC] PHP Recoverable fatal error:  Object of class WP_Query could not be converted to string in /app/public/wp-content/themes/zohdys-university-theme/front-page.php on line 20
[29-May-2018 21:58:08 UTC] PHP Fatal error:  Uncaught Error: Call to undefined function MongoDB\BSON\toJSON() in /app/public/wp-content/themes/zohdys-university-theme/front-page.php:20
Stack trace:
#0 /app/public/wp-includes/template-loader.php(74): include()
#1 /app/public/wp-blog-header.php(19): require_once('/app/public/wp-...')
#2 /app/public/index.php(17): require('/app/public/wp-...')
#3 {main}
  thrown in /app/public/wp-content/themes/zohdys-university-theme/front-page.php on line 20
[29-May-2018 22:03:26 UTC] PHP Fatal error:  Uncaught ArgumentCountError: Too few arguments to function wp_trim_words(), 0 passed in /app/public/wp-content/themes/zohdys-university-theme/front-page.php on line 32 and at least 1 expected in /app/public/wp-includes/formatting.php:3359
Stack trace:
#0 /app/public/wp-content/themes/zohdys-university-theme/front-page.php(32): wp_trim_words()
#1 /app/public/wp-includes/template-loader.php(74): include('/app/public/wp-...')
#2 /app/public/wp-blog-header.php(19): require_once('/app/public/wp-...')
#3 /app/public/index.php(17): require('/app/public/wp-...')
#4 {main}
  thrown in /app/public/wp-includes/formatting.php on line 3359
[29-May-2018 22:42:56 UTC] PHP Fatal error:  Maximum execution time of 1200 seconds exceeded in /app/public/wp-includes/post.php on line 574
[29-May-2018 22:43:03 UTC] PHP Fatal error:  Maximum execution time of 1200 seconds exceeded in /app/public/wp-includes/post.php on line 573
[31-May-2018 14:12:57 UTC] PHP Parse error:  syntax error, unexpected ')' in /app/public/wp-content/themes/zohdys-university-theme/front-page.php on line 32
[04-Jun-2018 17:41:31 UTC] PHP Parse error:  syntax error, unexpected '?>' in /app/public/wp-content/themes/zohdys-university-theme/archive-event.php on line 20
[04-Jun-2018 23:29:58 UTC] PHP Parse error:  syntax error, unexpected end of file in /app/public/wp-content/themes/zohdys-university-theme/functions.php on line 22
[04-Jun-2018 23:29:58 UTC] PHP Parse error:  syntax error, unexpected end of file in /app/public/wp-content/themes/zohdys-university-theme/functions.php on line 22
[04-Jun-2018 23:29:58 UTC] PHP Parse error:  syntax error, unexpected end of file in /app/public/wp-content/themes/zohdys-university-theme/functions.php on line 22
[04-Jun-2018 23:35:04 UTC] PHP Parse error:  syntax error, unexpected ')' in /app/public/wp-content/themes/zohdys-university-theme/functions.php on line 20
[04-Jun-2018 23:36:53 UTC] PHP Parse error:  syntax error, unexpected ')' in /app/public/wp-content/themes/zohdys-university-theme/functions.php on line 20
[04-Jun-2018 23:36:53 UTC] PHP Parse error:  syntax error, unexpected ')' in /app/public/wp-content/themes/zohdys-university-theme/functions.php on line 20
[04-Jun-2018 23:38:43 UTC] PHP Parse error:  syntax error, unexpected ';' in /app/public/wp-content/themes/zohdys-university-theme/functions.php on line 21
[04-Jun-2018 23:39:00 UTC] PHP Parse error:  syntax error, unexpected ';' in /app/public/wp-content/themes/zohdys-university-theme/functions.php on line 21
[04-Jun-2018 23:39:01 UTC] PHP Parse error:  syntax error, unexpected ';' in /app/public/wp-content/themes/zohdys-university-theme/functions.php on line 21
[04-Jun-2018 23:39:01 UTC] PHP Parse error:  syntax error, unexpected ';' in /app/public/wp-content/themes/zohdys-university-theme/functions.php on line 21
[04-Jun-2018 23:39:02 UTC] PHP Parse error:  syntax error, unexpected ';' in /app/public/wp-content/themes/zohdys-university-theme/functions.php on line 21
[04-Jun-2018 23:39:32 UTC] PHP Parse error:  syntax error, unexpected ';' in /app/public/wp-content/themes/zohdys-university-theme/functions.php on line 21
[04-Jun-2018 23:39:32 UTC] PHP Parse error:  syntax error, unexpected ';' in /app/public/wp-content/themes/zohdys-university-theme/functions.php on line 21
[04-Jun-2018 23:39:34 UTC] PHP Parse error:  syntax error, unexpected ';' in /app/public/wp-content/themes/zohdys-university-theme/functions.php on line 21
[04-Jun-2018 23:47:48 UTC] PHP Parse error:  syntax error, unexpected ')' in /app/public/wp-content/themes/zohdys-university-theme/functions.php on line 24
[05-Jun-2018 00:27:12 UTC] PHP Parse error:  syntax error, unexpected '}', expecting end of file in /app/public/wp-content/themes/zohdys-university-theme/page-past-events.php on line 47
[05-Jun-2018 00:27:14 UTC] PHP Parse error:  syntax error, unexpected '}', expecting end of file in /app/public/wp-content/themes/zohdys-university-theme/page-past-events.php on line 47
[05-Jun-2018 00:30:27 UTC] PHP Parse error:  syntax error, unexpected '}', expecting end of file in /app/public/wp-content/themes/zohdys-university-theme/page-past-events.php on line 48
[05-Jun-2018 00:32:24 UTC] PHP Parse error:  syntax error, unexpected '}', expecting end of file in /app/public/wp-content/themes/zohdys-university-theme/page-past-events.php on line 51
[05-Jun-2018 00:32:24 UTC] PHP Parse error:  syntax error, unexpected '}', expecting end of file in /app/public/wp-content/themes/zohdys-university-theme/page-past-events.php on line 51
[05-Jun-2018 00:32:25 UTC] PHP Parse error:  syntax error, unexpected '}', expecting end of file in /app/public/wp-content/themes/zohdys-university-theme/page-past-events.php on line 51
[05-Jun-2018 12:41:12 UTC] PHP Parse error:  syntax error, unexpected '?>' in /app/public/wp-content/themes/zohdys-university-theme/single-event.php on line 27
[05-Jun-2018 12:47:29 UTC] PHP Warning:  Invalid argument supplied for foreach() in /app/public/wp-content/themes/zohdys-university-theme/single-event.php on line 27
[05-Jun-2018 12:47:44 UTC] PHP Warning:  Invalid argument supplied for foreach() in /app/public/wp-content/themes/zohdys-university-theme/single-event.php on line 27
[05-Jun-2018 12:47:45 UTC] PHP Warning:  Invalid argument supplied for foreach() in /app/public/wp-content/themes/zohdys-university-theme/single-event.php on line 27
[05-Jun-2018 12:47:57 UTC] PHP Warning:  Invalid argument supplied for foreach() in /app/public/wp-content/themes/zohdys-university-theme/single-event.php on line 27
[05-Jun-2018 12:47:58 UTC] PHP Warning:  Invalid argument supplied for foreach() in /app/public/wp-content/themes/zohdys-university-theme/single-event.php on line 27
[05-Jun-2018 12:47:59 UTC] PHP Warning:  Invalid argument supplied for foreach() in /app/public/wp-content/themes/zohdys-university-theme/single-event.php on line 27
[05-Jun-2018 12:47:59 UTC] PHP Warning:  Invalid argument supplied for foreach() in /app/public/wp-content/themes/zohdys-university-theme/single-event.php on line 27
[05-Jun-2018 12:48:32 UTC] PHP Parse error:  syntax error, unexpected '}' in /app/public/wp-content/themes/zohdys-university-theme/single-event.php on line 29
[05-Jun-2018 12:48:58 UTC] PHP Warning:  Invalid argument supplied for foreach() in /app/public/wp-content/themes/zohdys-university-theme/single-event.php on line 27
[05-Jun-2018 12:49:06 UTC] PHP Warning:  Invalid argument supplied for foreach() in /app/public/wp-content/themes/zohdys-university-theme/single-event.php on line 27
[05-Jun-2018 12:49:06 UTC] PHP Warning:  Invalid argument supplied for foreach() in /app/public/wp-content/themes/zohdys-university-theme/single-event.php on line 27
[05-Jun-2018 12:49:07 UTC] PHP Warning:  Invalid argument supplied for foreach() in /app/public/wp-content/themes/zohdys-university-theme/single-event.php on line 27
[05-Jun-2018 12:50:04 UTC] PHP Warning:  Invalid argument supplied for foreach() in /app/public/wp-content/themes/zohdys-university-theme/single-event.php on line 28
[05-Jun-2018 12:50:06 UTC] PHP Warning:  Invalid argument supplied for foreach() in /app/public/wp-content/themes/zohdys-university-theme/single-event.php on line 28
[05-Jun-2018 12:50:07 UTC] PHP Warning:  Invalid argument supplied for foreach() in /app/public/wp-content/themes/zohdys-university-theme/single-event.php on line 28
[05-Jun-2018 12:50:07 UTC] PHP Warning:  Invalid argument supplied for foreach() in /app/public/wp-content/themes/zohdys-university-theme/single-event.php on line 28
[05-Jun-2018 12:50:07 UTC] PHP Warning:  Invalid argument supplied for foreach() in /app/public/wp-content/themes/zohdys-university-theme/single-event.php on line 28
[05-Jun-2018 12:50:07 UTC] PHP Warning:  Invalid argument supplied for foreach() in /app/public/wp-content/themes/zohdys-university-theme/single-event.php on line 28
[05-Jun-2018 12:50:46 UTC] PHP Warning:  Invalid argument supplied for foreach() in /app/public/wp-content/themes/zohdys-university-theme/single-event.php on line 29
[05-Jun-2018 12:57:17 UTC] PHP Parse error:  syntax error, unexpected end of file in /app/public/wp-content/themes/zohdys-university-theme/single-event.php on line 42
[05-Jun-2018 13:02:32 UTC] PHP Parse error:  syntax error, unexpected 'echo' (T_ECHO), expecting ',' or ';' in /app/public/wp-content/themes/zohdys-university-theme/single-event.php on line 30
[05-Jun-2018 14:57:06 UTC] PHP Parse error:  syntax error, unexpected '?>', expecting '(' in /app/public/wp-content/themes/zohdys-university-theme/header.php on line 21
[05-Jun-2018 23:22:54 UTC] PHP Parse error:  syntax error, unexpected '}' in /app/public/wp-content/themes/zohdys-university-theme/functions.php on line 17
[05-Jun-2018 23:22:54 UTC] PHP Parse error:  syntax error, unexpected '}' in /app/public/wp-content/themes/zohdys-university-theme/functions.php on line 17
[05-Jun-2018 23:22:54 UTC] PHP Parse error:  syntax error, unexpected '}' in /app/public/wp-content/themes/zohdys-university-theme/functions.php on line 17
[05-Jun-2018 23:38:47 UTC] PHP Parse error:  syntax error, unexpected 'while' (T_WHILE), expecting ',' or ';' in /app/public/wp-content/themes/zohdys-university-theme/single-program.php on line 45
[05-Jun-2018 23:45:33 UTC] PHP Parse error:  syntax error, unexpected '}' in /app/public/wp-content/themes/zohdys-university-theme/functions.php on line 18
[05-Jun-2018 23:45:33 UTC] PHP Parse error:  syntax error, unexpected '}' in /app/public/wp-content/themes/zohdys-university-theme/functions.php on line 18
[05-Jun-2018 23:45:33 UTC] PHP Parse error:  syntax error, unexpected '}' in /app/public/wp-content/themes/zohdys-university-theme/functions.php on line 18
[06-Jun-2018 11:59:47 UTC] PHP Parse error:  syntax error, unexpected '}' in /app/public/wp-content/themes/zohdys-university-theme/functions.php on line 20
[06-Jun-2018 11:59:47 UTC] PHP Parse error:  syntax error, unexpected '}' in /app/public/wp-content/themes/zohdys-university-theme/functions.php on line 20
[06-Jun-2018 11:59:47 UTC] PHP Parse error:  syntax error, unexpected '}' in /app/public/wp-content/themes/zohdys-university-theme/functions.php on line 20
[06-Jun-2018 14:09:31 UTC] PHP Fatal error:  Uncaught ArgumentCountError: Too few arguments to function pageBanner(), 0 passed in /app/public/wp-content/themes/zohdys-university-theme/single-professor.php on line 7 and exactly 1 expected in /app/public/wp-content/themes/zohdys-university-theme/functions.php:3
Stack trace:
#0 /app/public/wp-content/themes/zohdys-university-theme/single-professor.php(7): pageBanner()
#1 /app/public/wp-includes/template-loader.php(74): include('/app/public/wp-...')
#2 /app/public/wp-blog-header.php(19): require_once('/app/public/wp-...')
#3 /app/public/index.php(17): require('/app/public/wp-...')
#4 {main}
  thrown in /app/public/wp-content/themes/zohdys-university-theme/functions.php on line 3
[06-Jun-2018 14:13:03 UTC] PHP Fatal error:  Uncaught ArgumentCountError: Too few arguments to function pageBanner(), 0 passed in /app/public/wp-content/themes/zohdys-university-theme/single-professor.php on line 7 and exactly 1 expected in /app/public/wp-content/themes/zohdys-university-theme/functions.php:3
Stack trace:
#0 /app/public/wp-content/themes/zohdys-university-theme/single-professor.php(7): pageBanner()
#1 /app/public/wp-includes/template-loader.php(74): include('/app/public/wp-...')
#2 /app/public/wp-blog-header.php(19): require_once('/app/public/wp-...')
#3 /app/public/index.php(17): require('/app/public/wp-...')
#4 {main}
  thrown in /app/public/wp-content/themes/zohdys-university-theme/functions.php on line 3
[06-Jun-2018 14:13:15 UTC] PHP Fatal error:  Uncaught ArgumentCountError: Too few arguments to function pageBanner(), 0 passed in /app/public/wp-content/themes/zohdys-university-theme/single-professor.php on line 7 and exactly 1 expected in /app/public/wp-content/themes/zohdys-university-theme/functions.php:3
Stack trace:
#0 /app/public/wp-content/themes/zohdys-university-theme/single-professor.php(7): pageBanner()
#1 /app/public/wp-includes/template-loader.php(74): include('/app/public/wp-...')
#2 /app/public/wp-blog-header.php(19): require_once('/app/public/wp-...')
#3 /app/public/index.php(17): require('/app/public/wp-...')
#4 {main}
  thrown in /app/public/wp-content/themes/zohdys-university-theme/functions.php on line 3
[06-Jun-2018 14:14:57 UTC] PHP Fatal error:  Uncaught ArgumentCountError: Too few arguments to function pageBanner(), 0 passed in /app/public/wp-content/themes/zohdys-university-theme/single-professor.php on line 7 and exactly 1 expected in /app/public/wp-content/themes/zohdys-university-theme/functions.php:3
Stack trace:
#0 /app/public/wp-content/themes/zohdys-university-theme/single-professor.php(7): pageBanner()
#1 /app/public/wp-includes/template-loader.php(74): include('/app/public/wp-...')
#2 /app/public/wp-blog-header.php(19): require_once('/app/public/wp-...')
#3 /app/public/index.php(17): require('/app/public/wp-...')
#4 {main}
  thrown in /app/public/wp-content/themes/zohdys-university-theme/functions.php on line 3
[06-Jun-2018 14:14:59 UTC] PHP Fatal error:  Uncaught ArgumentCountError: Too few arguments to function pageBanner(), 0 passed in /app/public/wp-content/themes/zohdys-university-theme/single-professor.php on line 7 and exactly 1 expected in /app/public/wp-content/themes/zohdys-university-theme/functions.php:3
Stack trace:
#0 /app/public/wp-content/themes/zohdys-university-theme/single-professor.php(7): pageBanner()
#1 /app/public/wp-includes/template-loader.php(74): include('/app/public/wp-...')
#2 /app/public/wp-blog-header.php(19): require_once('/app/public/wp-...')
#3 /app/public/index.php(17): require('/app/public/wp-...')
#4 {main}
  thrown in /app/public/wp-content/themes/zohdys-university-theme/functions.php on line 3
[06-Jun-2018 14:15:04 UTC] PHP Fatal error:  Uncaught ArgumentCountError: Too few arguments to function pageBanner(), 0 passed in /app/public/wp-content/themes/zohdys-university-theme/single-professor.php on line 7 and exactly 1 expected in /app/public/wp-content/themes/zohdys-university-theme/functions.php:3
Stack trace:
#0 /app/public/wp-content/themes/zohdys-university-theme/single-professor.php(7): pageBanner()
#1 /app/public/wp-includes/template-loader.php(74): include('/app/public/wp-...')
#2 /app/public/wp-blog-header.php(19): require_once('/app/public/wp-...')
#3 /app/public/index.php(17): require('/app/public/wp-...')
#4 {main}
  thrown in /app/public/wp-content/themes/zohdys-university-theme/functions.php on line 3
[06-Jun-2018 14:18:23 UTC] PHP Fatal error:  Uncaught ArgumentCountError: Too few arguments to function pageBanner(), 0 passed in /app/public/wp-content/themes/zohdys-university-theme/single-professor.php on line 7 and exactly 1 expected in /app/public/wp-content/themes/zohdys-university-theme/functions.php:3
Stack trace:
#0 /app/public/wp-content/themes/zohdys-university-theme/single-professor.php(7): pageBanner()
#1 /app/public/wp-includes/template-loader.php(74): include('/app/public/wp-...')
#2 /app/public/wp-blog-header.php(19): require_once('/app/public/wp-...')
#3 /app/public/index.php(17): require('/app/public/wp-...')
#4 {main}
  thrown in /app/public/wp-content/themes/zohdys-university-theme/functions.php on line 3
[06-Jun-2018 14:18:44 UTC] PHP Fatal error:  Uncaught ArgumentCountError: Too few arguments to function pageBanner(), 0 passed in /app/public/wp-content/themes/zohdys-university-theme/single-professor.php on line 7 and exactly 1 expected in /app/public/wp-content/themes/zohdys-university-theme/functions.php:3
Stack trace:
#0 /app/public/wp-content/themes/zohdys-university-theme/single-professor.php(7): pageBanner()
#1 /app/public/wp-includes/template-loader.php(74): include('/app/public/wp-...')
#2 /app/public/wp-blog-header.php(19): require_once('/app/public/wp-...')
#3 /app/public/index.php(17): require('/app/public/wp-...')
#4 {main}
  thrown in /app/public/wp-content/themes/zohdys-university-theme/functions.php on line 3
[06-Jun-2018 14:19:07 UTC] PHP Fatal error:  Uncaught ArgumentCountError: Too few arguments to function pageBanner(), 0 passed in /app/public/wp-content/themes/zohdys-university-theme/single-professor.php on line 7 and exactly 1 expected in /app/public/wp-content/themes/zohdys-university-theme/functions.php:3
Stack trace:
#0 /app/public/wp-content/themes/zohdys-university-theme/single-professor.php(7): pageBanner()
#1 /app/public/wp-includes/template-loader.php(74): include('/app/public/wp-...')
#2 /app/public/wp-blog-header.php(19): require_once('/app/public/wp-...')
#3 /app/public/index.php(17): require('/app/public/wp-...')
#4 {main}
  thrown in /app/public/wp-content/themes/zohdys-university-theme/functions.php on line 3
[06-Jun-2018 14:19:13 UTC] PHP Fatal error:  Uncaught ArgumentCountError: Too few arguments to function pageBanner(), 0 passed in /app/public/wp-content/themes/zohdys-university-theme/single-professor.php on line 7 and exactly 1 expected in /app/public/wp-content/themes/zohdys-university-theme/functions.php:3
Stack trace:
#0 /app/public/wp-content/themes/zohdys-university-theme/single-professor.php(7): pageBanner()
#1 /app/public/wp-includes/template-loader.php(74): include('/app/public/wp-...')
#2 /app/public/wp-blog-header.php(19): require_once('/app/public/wp-...')
#3 /app/public/index.php(17): require('/app/public/wp-...')
#4 {main}
  thrown in /app/public/wp-content/themes/zohdys-university-theme/functions.php on line 3
[06-Jun-2018 14:19:27 UTC] PHP Fatal error:  Uncaught ArgumentCountError: Too few arguments to function pageBanner(), 0 passed in /app/public/wp-content/themes/zohdys-university-theme/single-professor.php on line 7 and exactly 1 expected in /app/public/wp-content/themes/zohdys-university-theme/functions.php:3
Stack trace:
#0 /app/public/wp-content/themes/zohdys-university-theme/single-professor.php(7): pageBanner()
#1 /app/public/wp-includes/template-loader.php(74): include('/app/public/wp-...')
#2 /app/public/wp-blog-header.php(19): require_once('/app/public/wp-...')
#3 /app/public/index.php(17): require('/app/public/wp-...')
#4 {main}
  thrown in /app/public/wp-content/themes/zohdys-university-theme/functions.php on line 3
[06-Jun-2018 14:19:37 UTC] PHP Fatal error:  Uncaught ArgumentCountError: Too few arguments to function pageBanner(), 0 passed in /app/public/wp-content/themes/zohdys-university-theme/single-professor.php on line 7 and exactly 1 expected in /app/public/wp-content/themes/zohdys-university-theme/functions.php:3
Stack trace:
#0 /app/public/wp-content/themes/zohdys-university-theme/single-professor.php(7): pageBanner()
#1 /app/public/wp-includes/template-loader.php(74): include('/app/public/wp-...')
#2 /app/public/wp-blog-header.php(19): require_once('/app/public/wp-...')
#3 /app/public/index.php(17): require('/app/public/wp-...')
#4 {main}
  thrown in /app/public/wp-content/themes/zohdys-university-theme/functions.php on line 3
[06-Jun-2018 14:19:51 UTC] PHP Fatal error:  Uncaught ArgumentCountError: Too few arguments to function pageBanner(), 0 passed in /app/public/wp-content/themes/zohdys-university-theme/single-professor.php on line 7 and exactly 1 expected in /app/public/wp-content/themes/zohdys-university-theme/functions.php:3
Stack trace:
#0 /app/public/wp-content/themes/zohdys-university-theme/single-professor.php(7): pageBanner()
#1 /app/public/wp-includes/template-loader.php(74): include('/app/public/wp-...')
#2 /app/public/wp-blog-header.php(19): require_once('/app/public/wp-...')
#3 /app/public/index.php(17): require('/app/public/wp-...')
#4 {main}
  thrown in /app/public/wp-content/themes/zohdys-university-theme/functions.php on line 3
[06-Jun-2018 14:19:56 UTC] PHP Fatal error:  Uncaught ArgumentCountError: Too few arguments to function pageBanner(), 0 passed in /app/public/wp-content/themes/zohdys-university-theme/single-professor.php on line 7 and exactly 1 expected in /app/public/wp-content/themes/zohdys-university-theme/functions.php:3
Stack trace:
#0 /app/public/wp-content/themes/zohdys-university-theme/single-professor.php(7): pageBanner()
#1 /app/public/wp-includes/template-loader.php(74): include('/app/public/wp-...')
#2 /app/public/wp-blog-header.php(19): require_once('/app/public/wp-...')
#3 /app/public/index.php(17): require('/app/public/wp-...')
#4 {main}
  thrown in /app/public/wp-content/themes/zohdys-university-theme/functions.php on line 3
[06-Jun-2018 14:21:21 UTC] PHP Parse error:  syntax error, unexpected ')' in /app/public/wp-content/themes/zohdys-university-theme/page.php on line 12
[06-Jun-2018 14:21:21 UTC] PHP Fatal error:  Uncaught ArgumentCountError: Too few arguments to function pageBanner(), 0 passed in /app/public/wp-content/themes/zohdys-university-theme/single-professor.php on line 7 and exactly 1 expected in /app/public/wp-content/themes/zohdys-university-theme/functions.php:3
Stack trace:
#0 /app/public/wp-content/themes/zohdys-university-theme/single-professor.php(7): pageBanner()
#1 /app/public/wp-includes/template-loader.php(74): include('/app/public/wp-...')
#2 /app/public/wp-blog-header.php(19): require_once('/app/public/wp-...')
#3 /app/public/index.php(17): require('/app/public/wp-...')
#4 {main}
  thrown in /app/public/wp-content/themes/zohdys-university-theme/functions.php on line 3
[06-Jun-2018 14:21:51 UTC] PHP Fatal error:  Uncaught ArgumentCountError: Too few arguments to function pageBanner(), 0 passed in /app/public/wp-content/themes/zohdys-university-theme/single-professor.php on line 7 and exactly 1 expected in /app/public/wp-content/themes/zohdys-university-theme/functions.php:3
Stack trace:
#0 /app/public/wp-content/themes/zohdys-university-theme/single-professor.php(7): pageBanner()
#1 /app/public/wp-includes/template-loader.php(74): include('/app/public/wp-...')
#2 /app/public/wp-blog-header.php(19): require_once('/app/public/wp-...')
#3 /app/public/index.php(17): require('/app/public/wp-...')
#4 {main}
  thrown in /app/public/wp-content/themes/zohdys-university-theme/functions.php on line 3
[06-Jun-2018 14:22:39 UTC] PHP Fatal error:  Uncaught ArgumentCountError: Too few arguments to function pageBanner(), 0 passed in /app/public/wp-content/themes/zohdys-university-theme/single-professor.php on line 7 and exactly 1 expected in /app/public/wp-content/themes/zohdys-university-theme/functions.php:3
Stack trace:
#0 /app/public/wp-content/themes/zohdys-university-theme/single-professor.php(7): pageBanner()
#1 /app/public/wp-includes/template-loader.php(74): include('/app/public/wp-...')
#2 /app/public/wp-blog-header.php(19): require_once('/app/public/wp-...')
#3 /app/public/index.php(17): require('/app/public/wp-...')
#4 {main}
  thrown in /app/public/wp-content/themes/zohdys-university-theme/functions.php on line 3
[06-Jun-2018 14:22:59 UTC] PHP Parse error:  syntax error, unexpected '}' in /app/public/wp-content/themes/zohdys-university-theme/functions.php on line 15
[06-Jun-2018 14:25:14 UTC] PHP Fatal error:  Uncaught ArgumentCountError: Too few arguments to function pageBanner(), 0 passed in /app/public/wp-content/themes/zohdys-university-theme/single-professor.php on line 7 and exactly 1 expected in /app/public/wp-content/themes/zohdys-university-theme/functions.php:3
Stack trace:
#0 /app/public/wp-content/themes/zohdys-university-theme/single-professor.php(7): pageBanner()
#1 /app/public/wp-includes/template-loader.php(74): include('/app/public/wp-...')
#2 /app/public/wp-blog-header.php(19): require_once('/app/public/wp-...')
#3 /app/public/index.php(17): require('/app/public/wp-...')
#4 {main}
  thrown in /app/public/wp-content/themes/zohdys-university-theme/functions.php on line 3
[06-Jun-2018 14:25:15 UTC] PHP Parse error:  syntax error, unexpected ')' in /app/public/wp-content/themes/zohdys-university-theme/page.php on line 12
[06-Jun-2018 14:25:50 UTC] PHP Fatal error:  Uncaught ArgumentCountError: Too few arguments to function pageBanner(), 0 passed in /app/public/wp-content/themes/zohdys-university-theme/single-professor.php on line 7 and exactly 1 expected in /app/public/wp-content/themes/zohdys-university-theme/functions.php:3
Stack trace:
#0 /app/public/wp-content/themes/zohdys-university-theme/single-professor.php(7): pageBanner()
#1 /app/public/wp-includes/template-loader.php(74): include('/app/public/wp-...')
#2 /app/public/wp-blog-header.php(19): require_once('/app/public/wp-...')
#3 /app/public/index.php(17): require('/app/public/wp-...')
#4 {main}
  thrown in /app/public/wp-content/themes/zohdys-university-theme/functions.php on line 3
[06-Jun-2018 14:26:23 UTC] PHP Fatal error:  Uncaught ArgumentCountError: Too few arguments to function pageBanner(), 0 passed in /app/public/wp-content/themes/zohdys-university-theme/single-professor.php on line 7 and exactly 1 expected in /app/public/wp-content/themes/zohdys-university-theme/functions.php:3
Stack trace:
#0 /app/public/wp-content/themes/zohdys-university-theme/single-professor.php(7): pageBanner()
#1 /app/public/wp-includes/template-loader.php(74): include('/app/public/wp-...')
#2 /app/public/wp-blog-header.php(19): require_once('/app/public/wp-...')
#3 /app/public/index.php(17): require('/app/public/wp-...')
#4 {main}
  thrown in /app/public/wp-content/themes/zohdys-university-theme/functions.php on line 3
[06-Jun-2018 14:26:45 UTC] PHP Fatal error:  Uncaught ArgumentCountError: Too few arguments to function pageBanner(), 0 passed in /app/public/wp-content/themes/zohdys-university-theme/single-professor.php on line 7 and exactly 1 expected in /app/public/wp-content/themes/zohdys-university-theme/functions.php:3
Stack trace:
#0 /app/public/wp-content/themes/zohdys-university-theme/single-professor.php(7): pageBanner()
#1 /app/public/wp-includes/template-loader.php(74): include('/app/public/wp-...')
#2 /app/public/wp-blog-header.php(19): require_once('/app/public/wp-...')
#3 /app/public/index.php(17): require('/app/public/wp-...')
#4 {main}
  thrown in /app/public/wp-content/themes/zohdys-university-theme/functions.php on line 3
[06-Jun-2018 14:26:54 UTC] PHP Fatal error:  Uncaught ArgumentCountError: Too few arguments to function pageBanner(), 0 passed in /app/public/wp-content/themes/zohdys-university-theme/single-professor.php on line 7 and exactly 1 expected in /app/public/wp-content/themes/zohdys-university-theme/functions.php:3
Stack trace:
#0 /app/public/wp-content/themes/zohdys-university-theme/single-professor.php(7): pageBanner()
#1 /app/public/wp-includes/template-loader.php(74): include('/app/public/wp-...')
#2 /app/public/wp-blog-header.php(19): require_once('/app/public/wp-...')
#3 /app/public/index.php(17): require('/app/public/wp-...')
#4 {main}
  thrown in /app/public/wp-content/themes/zohdys-university-theme/functions.php on line 3
[06-Jun-2018 14:26:55 UTC] PHP Parse error:  syntax error, unexpected ')' in /app/public/wp-content/themes/zohdys-university-theme/page.php on line 12
[06-Jun-2018 14:27:01 UTC] PHP Fatal error:  Uncaught ArgumentCountError: Too few arguments to function pageBanner(), 0 passed in /app/public/wp-content/themes/zohdys-university-theme/single-professor.php on line 7 and exactly 1 expected in /app/public/wp-content/themes/zohdys-university-theme/functions.php:3
Stack trace:
#0 /app/public/wp-content/themes/zohdys-university-theme/single-professor.php(7): pageBanner()
#1 /app/public/wp-includes/template-loader.php(74): include('/app/public/wp-...')
#2 /app/public/wp-blog-header.php(19): require_once('/app/public/wp-...')
#3 /app/public/index.php(17): require('/app/public/wp-...')
#4 {main}
  thrown in /app/public/wp-content/themes/zohdys-university-theme/functions.php on line 3
[06-Jun-2018 14:27:55 UTC] PHP Fatal error:  Uncaught ArgumentCountError: Too few arguments to function pageBanner(), 0 passed in /app/public/wp-content/themes/zohdys-university-theme/single-professor.php on line 7 and exactly 1 expected in /app/public/wp-content/themes/zohdys-university-theme/functions.php:3
Stack trace:
#0 /app/public/wp-content/themes/zohdys-university-theme/single-professor.php(7): pageBanner()
#1 /app/public/wp-includes/template-loader.php(74): include('/app/public/wp-...')
#2 /app/public/wp-blog-header.php(19): require_once('/app/public/wp-...')
#3 /app/public/index.php(17): require('/app/public/wp-...')
#4 {main}
  thrown in /app/public/wp-content/themes/zohdys-university-theme/functions.php on line 3
[06-Jun-2018 14:27:57 UTC] PHP Fatal error:  Uncaught ArgumentCountError: Too few arguments to function pageBanner(), 0 passed in /app/public/wp-content/themes/zohdys-university-theme/single-professor.php on line 7 and exactly 1 expected in /app/public/wp-content/themes/zohdys-university-theme/functions.php:3
Stack trace:
#0 /app/public/wp-content/themes/zohdys-university-theme/single-professor.php(7): pageBanner()
#1 /app/public/wp-includes/template-loader.php(74): include('/app/public/wp-...')
#2 /app/public/wp-blog-header.php(19): require_once('/app/public/wp-...')
#3 /app/public/index.php(17): require('/app/public/wp-...')
#4 {main}
  thrown in /app/public/wp-content/themes/zohdys-university-theme/functions.php on line 3
[06-Jun-2018 14:35:12 UTC] PHP Fatal error:  Uncaught ArgumentCountError: Too few arguments to function pageBanner(), 0 passed in /app/public/wp-content/themes/zohdys-university-theme/single-professor.php on line 7 and exactly 1 expected in /app/public/wp-content/themes/zohdys-university-theme/functions.php:3
Stack trace:
#0 /app/public/wp-content/themes/zohdys-university-theme/single-professor.php(7): pageBanner()
#1 /app/public/wp-includes/template-loader.php(74): include('/app/public/wp-...')
#2 /app/public/wp-blog-header.php(19): require_once('/app/public/wp-...')
#3 /app/public/index.php(17): require('/app/public/wp-...')
#4 {main}
  thrown in /app/public/wp-content/themes/zohdys-university-theme/functions.php on line 3
[06-Jun-2018 14:35:30 UTC] PHP Fatal error:  Uncaught ArgumentCountError: Too few arguments to function pageBanner(), 0 passed in /app/public/wp-content/themes/zohdys-university-theme/single-professor.php on line 7 and exactly 1 expected in /app/public/wp-content/themes/zohdys-university-theme/functions.php:3
Stack trace:
#0 /app/public/wp-content/themes/zohdys-university-theme/single-professor.php(7): pageBanner()
#1 /app/public/wp-includes/template-loader.php(74): include('/app/public/wp-...')
#2 /app/public/wp-blog-header.php(19): require_once('/app/public/wp-...')
#3 /app/public/index.php(17): require('/app/public/wp-...')
#4 {main}
  thrown in /app/public/wp-content/themes/zohdys-university-theme/functions.php on line 3
[06-Jun-2018 14:35:30 UTC] PHP Warning:  strpos() expects parameter 1 to be string, array given in /app/public/wp-content/plugins/advanced-custom-fields/core/api.php on line 40
[06-Jun-2018 14:35:30 UTC] PHP Warning:  strpos() expects parameter 1 to be string, array given in /app/public/wp-content/plugins/advanced-custom-fields/core/fields/_functions.php on line 80
[06-Jun-2018 14:35:31 UTC] PHP Warning:  strpos() expects parameter 1 to be string, array given in /app/public/wp-content/plugins/advanced-custom-fields/core/api.php on line 40
[06-Jun-2018 14:35:31 UTC] PHP Warning:  strpos() expects parameter 1 to be string, array given in /app/public/wp-content/plugins/advanced-custom-fields/core/fields/_functions.php on line 80
[06-Jun-2018 14:35:31 UTC] PHP Warning:  strpos() expects parameter 1 to be string, array given in /app/public/wp-content/plugins/advanced-custom-fields/core/api.php on line 40
[06-Jun-2018 14:35:31 UTC] PHP Warning:  strpos() expects parameter 1 to be string, array given in /app/public/wp-content/plugins/advanced-custom-fields/core/fields/_functions.php on line 80
[06-Jun-2018 14:35:31 UTC] PHP Warning:  strpos() expects parameter 1 to be string, array given in /app/public/wp-content/plugins/advanced-custom-fields/core/api.php on line 40
[06-Jun-2018 14:35:31 UTC] PHP Warning:  strpos() expects parameter 1 to be string, array given in /app/public/wp-content/plugins/advanced-custom-fields/core/fields/_functions.php on line 80
[06-Jun-2018 14:35:33 UTC] PHP Warning:  strpos() expects parameter 1 to be string, array given in /app/public/wp-content/plugins/advanced-custom-fields/core/api.php on line 40
[06-Jun-2018 14:35:33 UTC] PHP Warning:  strpos() expects parameter 1 to be string, array given in /app/public/wp-content/plugins/advanced-custom-fields/core/fields/_functions.php on line 80
[06-Jun-2018 14:35:33 UTC] PHP Warning:  strpos() expects parameter 1 to be string, array given in /app/public/wp-content/plugins/advanced-custom-fields/core/api.php on line 40
[06-Jun-2018 14:35:33 UTC] PHP Warning:  strpos() expects parameter 1 to be string, array given in /app/public/wp-content/plugins/advanced-custom-fields/core/fields/_functions.php on line 80
[06-Jun-2018 14:35:33 UTC] PHP Warning:  strpos() expects parameter 1 to be string, array given in /app/public/wp-content/plugins/advanced-custom-fields/core/api.php on line 40
[06-Jun-2018 14:35:33 UTC] PHP Warning:  strpos() expects parameter 1 to be string, array given in /app/public/wp-content/plugins/advanced-custom-fields/core/fields/_functions.php on line 80
[06-Jun-2018 14:35:33 UTC] PHP Warning:  strpos() expects parameter 1 to be string, array given in /app/public/wp-content/plugins/advanced-custom-fields/core/api.php on line 40
[06-Jun-2018 14:35:33 UTC] PHP Warning:  strpos() expects parameter 1 to be string, array given in /app/public/wp-content/plugins/advanced-custom-fields/core/fields/_functions.php on line 80
[06-Jun-2018 14:35:49 UTC] PHP Warning:  strpos() expects parameter 1 to be string, array given in /app/public/wp-content/plugins/advanced-custom-fields/core/api.php on line 40
[06-Jun-2018 14:35:49 UTC] PHP Warning:  strpos() expects parameter 1 to be string, array given in /app/public/wp-content/plugins/advanced-custom-fields/core/fields/_functions.php on line 80
[06-Jun-2018 14:35:49 UTC] PHP Fatal error:  Uncaught ArgumentCountError: Too few arguments to function pageBanner(), 0 passed in /app/public/wp-content/themes/zohdys-university-theme/single-professor.php on line 7 and exactly 1 expected in /app/public/wp-content/themes/zohdys-university-theme/functions.php:3
Stack trace:
#0 /app/public/wp-content/themes/zohdys-university-theme/single-professor.php(7): pageBanner()
#1 /app/public/wp-includes/template-loader.php(74): include('/app/public/wp-...')
#2 /app/public/wp-blog-header.php(19): require_once('/app/public/wp-...')
#3 /app/public/index.php(17): require('/app/public/wp-...')
#4 {main}
  thrown in /app/public/wp-content/themes/zohdys-university-theme/functions.php on line 3
[06-Jun-2018 14:35:49 UTC] PHP Warning:  strpos() expects parameter 1 to be string, array given in /app/public/wp-content/plugins/advanced-custom-fields/core/api.php on line 40
[06-Jun-2018 14:35:49 UTC] PHP Warning:  strpos() expects parameter 1 to be string, array given in /app/public/wp-content/plugins/advanced-custom-fields/core/fields/_functions.php on line 80
[06-Jun-2018 14:35:50 UTC] PHP Warning:  strpos() expects parameter 1 to be string, array given in /app/public/wp-content/plugins/advanced-custom-fields/core/api.php on line 40
[06-Jun-2018 14:35:50 UTC] PHP Warning:  strpos() expects parameter 1 to be string, array given in /app/public/wp-content/plugins/advanced-custom-fields/core/fields/_functions.php on line 80
[06-Jun-2018 14:35:50 UTC] PHP Warning:  strpos() expects parameter 1 to be string, array given in /app/public/wp-content/plugins/advanced-custom-fields/core/api.php on line 40
[06-Jun-2018 14:35:50 UTC] PHP Warning:  strpos() expects parameter 1 to be string, array given in /app/public/wp-content/plugins/advanced-custom-fields/core/fields/_functions.php on line 80
[06-Jun-2018 14:35:51 UTC] PHP Warning:  strpos() expects parameter 1 to be string, array given in /app/public/wp-content/plugins/advanced-custom-fields/core/api.php on line 40
[06-Jun-2018 14:35:51 UTC] PHP Warning:  strpos() expects parameter 1 to be string, array given in /app/public/wp-content/plugins/advanced-custom-fields/core/fields/_functions.php on line 80
[06-Jun-2018 14:35:51 UTC] PHP Warning:  strpos() expects parameter 1 to be string, array given in /app/public/wp-content/plugins/advanced-custom-fields/core/api.php on line 40
[06-Jun-2018 14:35:51 UTC] PHP Warning:  strpos() expects parameter 1 to be string, array given in /app/public/wp-content/plugins/advanced-custom-fields/core/fields/_functions.php on line 80
[06-Jun-2018 14:35:51 UTC] PHP Warning:  strpos() expects parameter 1 to be string, array given in /app/public/wp-content/plugins/advanced-custom-fields/core/api.php on line 40
[06-Jun-2018 14:35:51 UTC] PHP Warning:  strpos() expects parameter 1 to be string, array given in /app/public/wp-content/plugins/advanced-custom-fields/core/fields/_functions.php on line 80
[06-Jun-2018 14:35:51 UTC] PHP Warning:  strpos() expects parameter 1 to be string, array given in /app/public/wp-content/plugins/advanced-custom-fields/core/api.php on line 40
[06-Jun-2018 14:35:51 UTC] PHP Warning:  strpos() expects parameter 1 to be string, array given in /app/public/wp-content/plugins/advanced-custom-fields/core/fields/_functions.php on line 80
[06-Jun-2018 14:35:58 UTC] PHP Warning:  strpos() expects parameter 1 to be string, array given in /app/public/wp-content/plugins/advanced-custom-fields/core/api.php on line 40
[06-Jun-2018 14:35:58 UTC] PHP Warning:  strpos() expects parameter 1 to be string, array given in /app/public/wp-content/plugins/advanced-custom-fields/core/fields/_functions.php on line 80
[06-Jun-2018 14:35:58 UTC] PHP Warning:  strpos() expects parameter 1 to be string, array given in /app/public/wp-content/plugins/advanced-custom-fields/core/api.php on line 40
[06-Jun-2018 14:35:58 UTC] PHP Warning:  strpos() expects parameter 1 to be string, array given in /app/public/wp-content/plugins/advanced-custom-fields/core/fields/_functions.php on line 80
[06-Jun-2018 14:35:59 UTC] PHP Warning:  strpos() expects parameter 1 to be string, array given in /app/public/wp-content/plugins/advanced-custom-fields/core/api.php on line 40
[06-Jun-2018 14:35:59 UTC] PHP Warning:  strpos() expects parameter 1 to be string, array given in /app/public/wp-content/plugins/advanced-custom-fields/core/fields/_functions.php on line 80
[06-Jun-2018 14:35:59 UTC] PHP Warning:  strpos() expects parameter 1 to be string, array given in /app/public/wp-content/plugins/advanced-custom-fields/core/api.php on line 40
[06-Jun-2018 14:35:59 UTC] PHP Warning:  strpos() expects parameter 1 to be string, array given in /app/public/wp-content/plugins/advanced-custom-fields/core/fields/_functions.php on line 80
[06-Jun-2018 14:36:09 UTC] PHP Fatal error:  Uncaught ArgumentCountError: Too few arguments to function pageBanner(), 0 passed in /app/public/wp-content/themes/zohdys-university-theme/single-professor.php on line 7 and exactly 1 expected in /app/public/wp-content/themes/zohdys-university-theme/functions.php:3
Stack trace:
#0 /app/public/wp-content/themes/zohdys-university-theme/single-professor.php(7): pageBanner()
#1 /app/public/wp-includes/template-loader.php(74): include('/app/public/wp-...')
#2 /app/public/wp-blog-header.php(19): require_once('/app/public/wp-...')
#3 /app/public/index.php(17): require('/app/public/wp-...')
#4 {main}
  thrown in /app/public/wp-content/themes/zohdys-university-theme/functions.php on line 3
[06-Jun-2018 14:37:28 UTC] PHP Fatal error:  Uncaught ArgumentCountError: Too few arguments to function pageBanner(), 0 passed in /app/public/wp-content/themes/zohdys-university-theme/single-professor.php on line 7 and exactly 1 expected in /app/public/wp-content/themes/zohdys-university-theme/functions.php:3
Stack trace:
#0 /app/public/wp-content/themes/zohdys-university-theme/single-professor.php(7): pageBanner()
#1 /app/public/wp-includes/template-loader.php(74): include('/app/public/wp-...')
#2 /app/public/wp-blog-header.php(19): require_once('/app/public/wp-...')
#3 /app/public/index.php(17): require('/app/public/wp-...')
#4 {main}
  thrown in /app/public/wp-content/themes/zohdys-university-theme/functions.php on line 3
[06-Jun-2018 14:37:47 UTC] PHP Parse error:  syntax error, unexpected ',' in /app/public/wp-content/themes/zohdys-university-theme/functions.php on line 15
[06-Jun-2018 14:37:47 UTC] PHP Parse error:  syntax error, unexpected ',' in /app/public/wp-content/themes/zohdys-university-theme/functions.php on line 15
[06-Jun-2018 14:37:47 UTC] PHP Parse error:  syntax error, unexpected ',' in /app/public/wp-content/themes/zohdys-university-theme/functions.php on line 15
[06-Jun-2018 19:21:28 UTC] PHP Fatal error:  Uncaught ArgumentCountError: Too few arguments to function get_post_type_archive_link(), 0 passed in /app/public/wp-content/themes/zohdys-university-theme/header.php on line 26 and exactly 1 expected in /app/public/wp-includes/link-template.php:1134
Stack trace:
#0 /app/public/wp-content/themes/zohdys-university-theme/header.php(26): get_post_type_archive_link()
#1 /app/public/wp-includes/template.php(688): require_once('/app/public/wp-...')
#2 /app/public/wp-includes/template.php(647): load_template('/app/public/wp-...', true)
#3 /app/public/wp-includes/general-template.php(41): locate_template(Array, true)
#4 /app/public/wp-content/themes/zohdys-university-theme/front-page.php(2): get_header()
#5 /app/public/wp-includes/template-loader.php(74): include('/app/public/wp-...')
#6 /app/public/wp-blog-header.php(19): require_once('/app/public/wp-...')
#7 /app/public/index.php(17): require('/app/public/wp-...')
#8 {main}
  thrown in /app/public/wp-includes/link-template.php on line 1134
[06-Jun-2018 19:22:21 UTC] PHP Parse error:  syntax error, unexpected ')' in /app/public/wp-content/themes/zohdys-university-theme/header.php on line 26
[06-Jun-2018 19:42:22 UTC] PHP Parse error:  syntax error, unexpected ',' in /app/public/wp-content/themes/zohdys-university-theme/functions.php on line 37
[06-Jun-2018 19:42:22 UTC] PHP Parse error:  syntax error, unexpected ',' in /app/public/wp-content/themes/zohdys-university-theme/functions.php on line 37
[06-Jun-2018 19:42:22 UTC] PHP Parse error:  syntax error, unexpected ',' in /app/public/wp-content/themes/zohdys-university-theme/functions.php on line 37
[06-Jun-2018 21:25:30 UTC] PHP Parse error:  syntax error, unexpected ')' in /app/public/wp-content/themes/zohdys-university-theme/single-program.php on line 87
[11-Jun-2018 23:07:57 UTC] PHP Parse error:  syntax error, unexpected '}' in /app/public/wp-content/themes/zohdys-university-theme/functions.php on line 43
[11-Jun-2018 23:07:58 UTC] PHP Parse error:  syntax error, unexpected '}' in /app/public/wp-content/themes/zohdys-university-theme/functions.php on line 43
[11-Jun-2018 23:07:58 UTC] PHP Parse error:  syntax error, unexpected '}' in /app/public/wp-content/themes/zohdys-university-theme/functions.php on line 43
[12-Jun-2018 20:59:43 UTC] PHP Parse error:  syntax error, unexpected '$professors' (T_VARIABLE), expecting '(' in /app/public/wp-content/themes/zohdys-university-theme/includes/search-route.php on line 15
[12-Jun-2018 20:59:43 UTC] PHP Parse error:  syntax error, unexpected '$professors' (T_VARIABLE), expecting '(' in /app/public/wp-content/themes/zohdys-university-theme/includes/search-route.php on line 15
[12-Jun-2018 21:02:30 UTC] PHP Parse error:  syntax error, unexpected 'return' (T_RETURN) in /app/public/wp-content/themes/zohdys-university-theme/includes/search-route.php on line 16
[12-Jun-2018 21:02:30 UTC] PHP Parse error:  syntax error, unexpected 'return' (T_RETURN) in /app/public/wp-content/themes/zohdys-university-theme/includes/search-route.php on line 16
[12-Jun-2018 21:11:43 UTC] PHP Parse error:  syntax error, unexpected ')' in /app/public/wp-content/themes/zohdys-university-theme/includes/search-route.php on line 22
[12-Jun-2018 21:11:43 UTC] PHP Parse error:  syntax error, unexpected ')' in /app/public/wp-content/themes/zohdys-university-theme/includes/search-route.php on line 22
[12-Jun-2018 21:21:20 UTC] PHP Parse error:  syntax error, unexpected ';', expecting ')' in /app/public/wp-content/themes/zohdys-university-theme/includes/search-route.php on line 14
[12-Jun-2018 22:34:49 UTC] PHP Parse error:  syntax error, unexpected ')' in /app/public/wp-content/themes/zohdys-university-theme/includes/search-route.php on line 33
[12-Jun-2018 22:34:49 UTC] PHP Parse error:  syntax error, unexpected ')' in /app/public/wp-content/themes/zohdys-university-theme/includes/search-route.php on line 33
[12-Jun-2018 22:37:41 UTC] PHP Parse error:  syntax error, unexpected ')' in /app/public/wp-content/themes/zohdys-university-theme/includes/search-route.php on line 34
[12-Jun-2018 22:37:41 UTC] PHP Parse error:  syntax error, unexpected ')' in /app/public/wp-content/themes/zohdys-university-theme/includes/search-route.php on line 34
[13-Jun-2018 16:51:00 UTC] PHP Parse error:  syntax error, unexpected ')' in /app/public/wp-content/themes/zohdys-university-theme/includes/search-route.php on line 40
[13-Jun-2018 16:51:00 UTC] PHP Parse error:  syntax error, unexpected ')' in /app/public/wp-content/themes/zohdys-university-theme/includes/search-route.php on line 40
[13-Jun-2018 17:09:47 UTC] PHP Parse error:  syntax error, unexpected '?>', expecting ')' in /app/public/wp-content/themes/zohdys-university-theme/includes/search-route.php on line 55
[13-Jun-2018 17:09:47 UTC] PHP Parse error:  syntax error, unexpected '?>', expecting ')' in /app/public/wp-content/themes/zohdys-university-theme/includes/search-route.php on line 55
[13-Jun-2018 18:16:37 UTC] PHP Parse error:  syntax error, unexpected ')' in /app/public/wp-content/themes/zohdys-university-theme/includes/search-route.php on line 86
[13-Jun-2018 18:16:37 UTC] PHP Parse error:  syntax error, unexpected ')' in /app/public/wp-content/themes/zohdys-university-theme/includes/search-route.php on line 86
[13-Jun-2018 18:16:37 UTC] PHP Parse error:  syntax error, unexpected ')' in /app/public/wp-content/themes/zohdys-university-theme/includes/search-route.php on line 86
[13-Jun-2018 18:19:35 UTC] PHP Parse error:  syntax error, unexpected end of file in /app/public/wp-content/themes/zohdys-university-theme/includes/search-route.php on line 99
[13-Jun-2018 18:19:42 UTC] PHP Parse error:  syntax error, unexpected end of file in /app/public/wp-content/themes/zohdys-university-theme/includes/search-route.php on line 99
[13-Jun-2018 18:19:45 UTC] PHP Parse error:  syntax error, unexpected end of file in /app/public/wp-content/themes/zohdys-university-theme/includes/search-route.php on line 99
[13-Jun-2018 18:19:53 UTC] PHP Parse error:  syntax error, unexpected end of file in /app/public/wp-content/themes/zohdys-university-theme/includes/search-route.php on line 99
[13-Jun-2018 18:32:16 UTC] PHP Parse error:  syntax error, unexpected 'return' (T_RETURN) in /app/public/wp-content/themes/zohdys-university-theme/includes/search-route.php on line 99
[13-Jun-2018 18:32:16 UTC] PHP Parse error:  syntax error, unexpected 'return' (T_RETURN) in /app/public/wp-content/themes/zohdys-university-theme/includes/search-route.php on line 99
[13-Jun-2018 18:32:16 UTC] PHP Parse error:  syntax error, unexpected 'return' (T_RETURN) in /app/public/wp-content/themes/zohdys-university-theme/includes/search-route.php on line 99
[13-Jun-2018 19:08:29 UTC] PHP Parse error:  syntax error, unexpected ';', expecting ',' or ')' in /app/public/wp-content/themes/zohdys-university-theme/includes/search-route.php on line 89
[13-Jun-2018 19:08:29 UTC] PHP Parse error:  syntax error, unexpected ';', expecting ',' or ')' in /app/public/wp-content/themes/zohdys-university-theme/includes/search-route.php on line 89
[13-Jun-2018 19:08:29 UTC] PHP Parse error:  syntax error, unexpected ';', expecting ',' or ')' in /app/public/wp-content/themes/zohdys-university-theme/includes/search-route.php on line 89
[13-Jun-2018 21:01:23 UTC] PHP Parse error:  syntax error, unexpected ')' in /app/public/wp-content/themes/zohdys-university-theme/includes/search-route.php on line 45
[13-Jun-2018 21:01:23 UTC] PHP Parse error:  syntax error, unexpected ')' in /app/public/wp-content/themes/zohdys-university-theme/includes/search-route.php on line 45
[13-Jun-2018 21:01:23 UTC] PHP Parse error:  syntax error, unexpected ')' in /app/public/wp-content/themes/zohdys-university-theme/includes/search-route.php on line 45
[13-Jun-2018 23:01:40 UTC] PHP Parse error:  syntax error, unexpected '}', expecting end of file in /app/public/wp-content/themes/zohdys-university-theme/page-search.php on line 54
[14-Jun-2018 01:15:49 UTC] PHP Parse error:  syntax error, unexpected '}', expecting ',' or ';' in /app/public/wp-content/themes/zohdys-university-theme/search.php on line 18
[14-Jun-2018 01:15:50 UTC] PHP Parse error:  syntax error, unexpected '}', expecting ',' or ';' in /app/public/wp-content/themes/zohdys-university-theme/search.php on line 18
[14-Jun-2018 18:06:10 UTC] PHP Parse error:  syntax error, unexpected '" class="' (T_CONSTANT_ENCAPSED_STRING), expecting ',' or ';' in /app/public/wp-content/themes/zohdys-university-theme/header.php on line 39
[14-Jun-2018 18:06:10 UTC] PHP Parse error:  syntax error, unexpected '" class="' (T_CONSTANT_ENCAPSED_STRING), expecting ',' or ';' in /app/public/wp-content/themes/zohdys-university-theme/header.php on line 39
[14-Jun-2018 18:14:21 UTC] PHP Parse error:  syntax error, unexpected ')' in /app/public/wp-content/themes/zohdys-university-theme/header.php on line 39
[14-Jun-2018 18:20:22 UTC] PHP Parse error:  syntax error, unexpected ')' in /app/public/wp-content/themes/zohdys-university-theme/header.php on line 42
[14-Jun-2018 18:24:07 UTC] PHP Parse error:  syntax error, unexpected end of file in /app/public/wp-content/themes/zohdys-university-theme/functions.php on line 112
[14-Jun-2018 18:24:08 UTC] PHP Parse error:  syntax error, unexpected end of file in /app/public/wp-content/themes/zohdys-university-theme/functions.php on line 112
[14-Jun-2018 18:24:08 UTC] PHP Parse error:  syntax error, unexpected end of file in /app/public/wp-content/themes/zohdys-university-theme/functions.php on line 112
[14-Jun-2018 18:28:54 UTC] PHP Fatal error:  Cannot redeclare redirectSubsToFrontend() (previously declared in /app/public/wp-content/themes/zohdys-university-theme/functions.php:112) in /app/public/wp-content/themes/zohdys-university-theme/functions.php on line 127
[14-Jun-2018 18:28:55 UTC] PHP Fatal error:  Cannot redeclare redirectSubsToFrontend() (previously declared in /app/public/wp-content/themes/zohdys-university-theme/functions.php:112) in /app/public/wp-content/themes/zohdys-university-theme/functions.php on line 127
[14-Jun-2018 20:14:51 UTC] PHP Warning:  call_user_func_array() expects parameter 1 to be a valid callback, function '' not found or invalid function name in /app/public/wp-includes/class-wp-hook.php on line 286
[14-Jun-2018 20:17:28 UTC] PHP Parse error:  syntax error, unexpected end of file in /app/public/wp-content/themes/zohdys-university-theme/functions.php on line 140
[14-Jun-2018 20:17:30 UTC] PHP Parse error:  syntax error, unexpected end of file in /app/public/wp-content/themes/zohdys-university-theme/functions.php on line 140
[14-Jun-2018 20:23:49 UTC] PHP Parse error:  syntax error, unexpected end of file in /app/public/wp-content/themes/zohdys-university-theme/functions.php on line 148
[24-Jun-2018 22:31:20 UTC] PHP Parse error:  syntax error, unexpected 'esc_url' (T_STRING), expecting ',' or ';' in /app/public/wp-content/themes/zohdys-university-theme/header.php on line 40
[24-Jun-2018 22:57:46 UTC] PHP Parse error:  syntax error, unexpected '<', expecting end of file in /app/public/wp-content/themes/zohdys-university-theme/page-my-notes.php on line 11
[24-Jun-2018 22:57:53 UTC] PHP Parse error:  syntax error, unexpected '}', expecting end of file in /app/public/wp-content/themes/zohdys-university-theme/page-my-notes.php on line 32
[24-Jun-2018 22:57:54 UTC] PHP Parse error:  syntax error, unexpected '}', expecting end of file in /app/public/wp-content/themes/zohdys-university-theme/page-my-notes.php on line 32
[24-Jun-2018 22:57:54 UTC] PHP Parse error:  syntax error, unexpected '}', expecting end of file in /app/public/wp-content/themes/zohdys-university-theme/page-my-notes.php on line 32
[25-Jun-2018 23:10:21 UTC] PHP Fatal error:  Uncaught ArgumentCountError: Too few arguments to function add_filter(), 1 passed in /app/public/wp-content/themes/zohdys-university-theme/functions.php on line 149 and at least 2 expected in /app/public/wp-includes/plugin.php:106
Stack trace:
#0 /app/public/wp-content/themes/zohdys-university-theme/functions.php(149): add_filter('wp_insert_post_...')
#1 /app/public/wp-settings.php(426): include('/app/public/wp-...')
#2 /app/public/wp-config.php(86): require_once('/app/public/wp-...')
#3 /app/public/wp-load.php(37): require_once('/app/public/wp-...')
#4 /app/public/wp-blog-header.php(13): require_once('/app/public/wp-...')
#5 /app/public/index.php(17): require('/app/public/wp-...')
#6 {main}
  thrown in /app/public/wp-includes/plugin.php on line 106
[25-Jun-2018 23:10:22 UTC] PHP Fatal error:  Uncaught ArgumentCountError: Too few arguments to function add_filter(), 1 passed in /app/public/wp-content/themes/zohdys-university-theme/functions.php on line 149 and at least 2 expected in /app/public/wp-includes/plugin.php:106
Stack trace:
#0 /app/public/wp-content/themes/zohdys-university-theme/functions.php(149): add_filter('wp_insert_post_...')
#1 /app/public/wp-settings.php(426): include('/app/public/wp-...')
#2 /app/public/wp-config.php(86): require_once('/app/public/wp-...')
#3 /app/public/wp-load.php(37): require_once('/app/public/wp-...')
#4 /app/public/wp-blog-header.php(13): require_once('/app/public/wp-...')
#5 /app/public/index.php(17): require('/app/public/wp-...')
#6 {main}
  thrown in /app/public/wp-includes/plugin.php on line 106
[25-Jun-2018 23:10:22 UTC] PHP Fatal error:  Uncaught ArgumentCountError: Too few arguments to function add_filter(), 1 passed in /app/public/wp-content/themes/zohdys-university-theme/functions.php on line 149 and at least 2 expected in /app/public/wp-includes/plugin.php:106
Stack trace:
#0 /app/public/wp-content/themes/zohdys-university-theme/functions.php(149): add_filter('wp_insert_post_...')
#1 /app/public/wp-settings.php(426): include('/app/public/wp-...')
#2 /app/public/wp-config.php(86): require_once('/app/public/wp-...')
#3 /app/public/wp-load.php(37): require_once('/app/public/wp-...')
#4 /app/public/wp-admin/admin.php(31): require_once('/app/public/wp-...')
#5 /app/public/wp-admin/edit.php(10): require_once('/app/public/wp-...')
#6 {main}
  thrown in /app/public/wp-includes/plugin.php on line 106
[25-Jun-2018 23:37:39 UTC] PHP Parse error:  syntax error, unexpected '}' in /app/public/wp-content/themes/zohdys-university-theme/functions.php on line 153
[25-Jun-2018 23:37:39 UTC] PHP Parse error:  syntax error, unexpected '}' in /app/public/wp-content/themes/zohdys-university-theme/functions.php on line 153
[25-Jun-2018 23:37:39 UTC] PHP Parse error:  syntax error, unexpected '}' in /app/public/wp-content/themes/zohdys-university-theme/functions.php on line 153
[26-Jun-2018 00:08:50 UTC] PHP Parse error:  syntax error, unexpected ')' in /app/public/wp-content/themes/zohdys-university-theme/functions.php on line 152
[26-Jun-2018 00:08:50 UTC] PHP Parse error:  syntax error, unexpected ')' in /app/public/wp-content/themes/zohdys-university-theme/functions.php on line 152
[26-Jun-2018 00:08:50 UTC] PHP Parse error:  syntax error, unexpected ')' in /app/public/wp-content/themes/zohdys-university-theme/functions.php on line 152
[26-Jun-2018 00:25:41 UTC] PHP Parse error:  syntax error, unexpected ')' in /app/public/wp-content/themes/zohdys-university-theme/functions.php on line 14
[26-Jun-2018 00:25:41 UTC] PHP Parse error:  syntax error, unexpected ')' in /app/public/wp-content/themes/zohdys-university-theme/functions.php on line 14
[26-Jun-2018 00:25:41 UTC] PHP Parse error:  syntax error, unexpected ')' in /app/public/wp-content/themes/zohdys-university-theme/functions.php on line 14
[26-Jun-2018 10:41:28 UTC] PHP Fatal error:  Uncaught Error: Call to a member function add_rewrite_tag() on null in /app/public/wp-includes/rewrite.php:172
Stack trace:
#0 /app/public/wp-includes/class-wp-post-type.php(543): add_rewrite_tag('%note%', '([^/]+)', 'note=')
#1 /app/public/wp-includes/post.php(1196): WP_Post_Type->add_rewrite_rules()
#2 /app/public/wp-content/mu-plugins/university-post-types.php(94): register_post_type('note', Array)
#3 /app/public/wp-settings.php(260): include_once('/app/public/wp-...')
#4 /app/public/wp-config.php(86): require_once('/app/public/wp-...')
#5 /app/public/wp-load.php(37): require_once('/app/public/wp-...')
#6 /app/public/wp-admin/admin.php(31): require_once('/app/public/wp-...')
#7 /app/public/wp-admin/users.php(11): require_once('/app/public/wp-...')
#8 {main}
  thrown in /app/public/wp-includes/rewrite.php on line 172
[26-Jun-2018 10:45:34 UTC] PHP Fatal error:  Uncaught Error: Call to a member function add_rewrite_tag() on null in /app/public/wp-includes/rewrite.php:172
Stack trace:
#0 /app/public/wp-includes/class-wp-post-type.php(543): add_rewrite_tag('%like%', '([^/]+)', 'like=')
#1 /app/public/wp-includes/post.php(1196): WP_Post_Type->add_rewrite_rules()
#2 /app/public/wp-content/mu-plugins/university-post-types.php(94): register_post_type('like', Array)
#3 /app/public/wp-settings.php(260): include_once('/app/public/wp-...')
#4 /app/public/wp-config.php(86): require_once('/app/public/wp-...')
#5 /app/public/wp-load.php(37): require_once('/app/public/wp-...')
#6 /app/public/wp-blog-header.php(13): require_once('/app/public/wp-...')
#7 /app/public/index.php(17): require('/app/public/wp-...')
#8 {main}
  thrown in /app/public/wp-includes/rewrite.php on line 172
[26-Jun-2018 10:45:35 UTC] PHP Fatal error:  Uncaught Error: Call to a member function add_rewrite_tag() on null in /app/public/wp-includes/rewrite.php:172
Stack trace:
#0 /app/public/wp-includes/class-wp-post-type.php(543): add_rewrite_tag('%like%', '([^/]+)', 'like=')
#1 /app/public/wp-includes/post.php(1196): WP_Post_Type->add_rewrite_rules()
#2 /app/public/wp-content/mu-plugins/university-post-types.php(94): register_post_type('like', Array)
#3 /app/public/wp-settings.php(260): include_once('/app/public/wp-...')
#4 /app/public/wp-config.php(86): require_once('/app/public/wp-...')
#5 /app/public/wp-load.php(37): require_once('/app/public/wp-...')
#6 /app/public/wp-blog-header.php(13): require_once('/app/public/wp-...')
#7 /app/public/index.php(17): require('/app/public/wp-...')
#8 {main}
  thrown in /app/public/wp-includes/rewrite.php on line 172
[26-Jun-2018 10:45:35 UTC] PHP Fatal error:  Uncaught Error: Call to a member function add_rewrite_tag() on null in /app/public/wp-includes/rewrite.php:172
Stack trace:
#0 /app/public/wp-includes/class-wp-post-type.php(543): add_rewrite_tag('%like%', '([^/]+)', 'like=')
#1 /app/public/wp-includes/post.php(1196): WP_Post_Type->add_rewrite_rules()
#2 /app/public/wp-content/mu-plugins/university-post-types.php(94): register_post_type('like', Array)
#3 /app/public/wp-settings.php(260): include_once('/app/public/wp-...')
#4 /app/public/wp-config.php(86): require_once('/app/public/wp-...')
#5 /app/public/wp-load.php(37): require_once('/app/public/wp-...')
#6 /app/public/wp-blog-header.php(13): require_once('/app/public/wp-...')
#7 /app/public/index.php(17): require('/app/public/wp-...')
#8 {main}
  thrown in /app/public/wp-includes/rewrite.php on line 172
[26-Jun-2018 10:45:57 UTC] PHP Fatal error:  Uncaught Error: Call to a member function add_rewrite_tag() on null in /app/public/wp-includes/rewrite.php:172
Stack trace:
#0 /app/public/wp-includes/class-wp-post-type.php(543): add_rewrite_tag('%like%', '([^/]+)', 'like=')
#1 /app/public/wp-includes/post.php(1196): WP_Post_Type->add_rewrite_rules()
#2 /app/public/wp-content/mu-plugins/university-post-types.php(94): register_post_type('like', Array)
#3 /app/public/wp-settings.php(260): include_once('/app/public/wp-...')
#4 /app/public/wp-config.php(86): require_once('/app/public/wp-...')
#5 /app/public/wp-load.php(37): require_once('/app/public/wp-...')
#6 /app/public/wp-blog-header.php(13): require_once('/app/public/wp-...')
#7 /app/public/index.php(17): require('/app/public/wp-...')
#8 {main}
  thrown in /app/public/wp-includes/rewrite.php on line 172
[26-Jun-2018 10:46:00 UTC] PHP Fatal error:  Uncaught Error: Call to a member function add_rewrite_tag() on null in /app/public/wp-includes/rewrite.php:172
Stack trace:
#0 /app/public/wp-includes/class-wp-post-type.php(543): add_rewrite_tag('%like%', '([^/]+)', 'like=')
#1 /app/public/wp-includes/post.php(1196): WP_Post_Type->add_rewrite_rules()
#2 /app/public/wp-content/mu-plugins/university-post-types.php(94): register_post_type('like', Array)
#3 /app/public/wp-settings.php(260): include_once('/app/public/wp-...')
#4 /app/public/wp-config.php(86): require_once('/app/public/wp-...')
#5 /app/public/wp-load.php(37): require_once('/app/public/wp-...')
#6 /app/public/wp-admin/admin.php(31): require_once('/app/public/wp-...')
#7 /app/public/wp-admin/users.php(11): require_once('/app/public/wp-...')
#8 {main}
  thrown in /app/public/wp-includes/rewrite.php on line 172
[26-Jun-2018 10:46:44 UTC] PHP Fatal error:  Uncaught Error: Call to a member function add_rewrite_tag() on null in /app/public/wp-includes/rewrite.php:172
Stack trace:
#0 /app/public/wp-includes/class-wp-post-type.php(543): add_rewrite_tag('%like%', '([^/]+)', 'like=')
#1 /app/public/wp-includes/post.php(1196): WP_Post_Type->add_rewrite_rules()
#2 /app/public/wp-content/mu-plugins/university-post-types.php(92): register_post_type('like', Array)
#3 /app/public/wp-settings.php(260): include_once('/app/public/wp-...')
#4 /app/public/wp-config.php(86): require_once('/app/public/wp-...')
#5 /app/public/wp-load.php(37): require_once('/app/public/wp-...')
#6 /app/public/wp-admin/admin.php(31): require_once('/app/public/wp-...')
#7 /app/public/wp-admin/users.php(11): require_once('/app/public/wp-...')
#8 {main}
  thrown in /app/public/wp-includes/rewrite.php on line 172
[26-Jun-2018 10:46:45 UTC] PHP Fatal error:  Uncaught Error: Call to a member function add_rewrite_tag() on null in /app/public/wp-includes/rewrite.php:172
Stack trace:
#0 /app/public/wp-includes/class-wp-post-type.php(543): add_rewrite_tag('%like%', '([^/]+)', 'like=')
#1 /app/public/wp-includes/post.php(1196): WP_Post_Type->add_rewrite_rules()
#2 /app/public/wp-content/mu-plugins/university-post-types.php(92): register_post_type('like', Array)
#3 /app/public/wp-settings.php(260): include_once('/app/public/wp-...')
#4 /app/public/wp-config.php(86): require_once('/app/public/wp-...')
#5 /app/public/wp-load.php(37): require_once('/app/public/wp-...')
#6 /app/public/wp-admin/admin.php(31): require_once('/app/public/wp-...')
#7 /app/public/wp-admin/users.php(11): require_once('/app/public/wp-...')
#8 {main}
  thrown in /app/public/wp-includes/rewrite.php on line 172
[26-Jun-2018 10:46:45 UTC] PHP Fatal error:  Uncaught Error: Call to a member function add_rewrite_tag() on null in /app/public/wp-includes/rewrite.php:172
Stack trace:
#0 /app/public/wp-includes/class-wp-post-type.php(543): add_rewrite_tag('%like%', '([^/]+)', 'like=')
#1 /app/public/wp-includes/post.php(1196): WP_Post_Type->add_rewrite_rules()
#2 /app/public/wp-content/mu-plugins/university-post-types.php(92): register_post_type('like', Array)
#3 /app/public/wp-settings.php(260): include_once('/app/public/wp-...')
#4 /app/public/wp-config.php(86): require_once('/app/public/wp-...')
#5 /app/public/wp-load.php(37): require_once('/app/public/wp-...')
#6 /app/public/wp-admin/admin.php(31): require_once('/app/public/wp-...')
#7 /app/public/wp-admin/users.php(11): require_once('/app/public/wp-...')
#8 {main}
  thrown in /app/public/wp-includes/rewrite.php on line 172
[26-Jun-2018 10:46:45 UTC] PHP Fatal error:  Uncaught Error: Call to a member function add_rewrite_tag() on null in /app/public/wp-includes/rewrite.php:172
Stack trace:
#0 /app/public/wp-includes/class-wp-post-type.php(543): add_rewrite_tag('%like%', '([^/]+)', 'like=')
#1 /app/public/wp-includes/post.php(1196): WP_Post_Type->add_rewrite_rules()
#2 /app/public/wp-content/mu-plugins/university-post-types.php(92): register_post_type('like', Array)
#3 /app/public/wp-settings.php(260): include_once('/app/public/wp-...')
#4 /app/public/wp-config.php(86): require_once('/app/public/wp-...')
#5 /app/public/wp-load.php(37): require_once('/app/public/wp-...')
#6 /app/public/wp-admin/admin.php(31): require_once('/app/public/wp-...')
#7 /app/public/wp-admin/users.php(11): require_once('/app/public/wp-...')
#8 {main}
  thrown in /app/public/wp-includes/rewrite.php on line 172
[26-Jun-2018 10:59:43 UTC] PHP Parse error:  syntax error, unexpected 'sd_posts' (T_STRING), expecting ',' or ';' in /app/public/wp-content/themes/zohdys-university-theme/single-professor.php on line 30
[26-Jun-2018 11:13:09 UTC] PHP Parse error:  syntax error, unexpected '<' in /app/public/wp-content/themes/zohdys-university-theme/single-professor.php on line 27
[26-Jun-2018 13:03:55 UTC] PHP Parse error:  syntax error, unexpected 'wp_insert_post' (T_STRING) in /app/public/wp-content/themes/zohdys-university-theme/includes/like-route.php on line 19
[26-Jun-2018 17:49:49 UTC] PHP Parse error:  syntax error, unexpected '?>' in /app/public/wp-content/themes/zohdys-university-theme/single-professor.php on line 43
[26-Jun-2018 23:47:23 UTC] PHP Warning:  file_exists() expects exactly 1 parameter, 0 given in /app/public/wp-config.php on line 22
[26-Jun-2018 23:49:24 UTC] PHP Warning:  file_exists() expects exactly 1 parameter, 0 given in /app/public/wp-config.php on line 22
