[23-May-2018 09:54:59] NOTICE: fpm is running, pid 14
[23-May-2018 09:54:59] NOTICE: ready to handle connections
[24-May-2018 17:02:19] NOTICE: Terminating ...
[24-May-2018 17:02:19] NOTICE: exiting, bye-bye!
[24-May-2018 17:02:27] NOTICE: fpm is running, pid 25
[24-May-2018 17:02:27] NOTICE: ready to handle connections
[27-May-2018 13:59:37] NOTICE: fpm is running, pid 26
[27-May-2018 13:59:37] NOTICE: ready to handle connections
[28-May-2018 23:54:08] NOTICE: Terminating ...
[28-May-2018 23:54:08] NOTICE: exiting, bye-bye!
[28-May-2018 23:54:50] NOTICE: fpm is running, pid 29
[28-May-2018 23:54:50] NOTICE: ready to handle connections
[04-Jun-2018 17:01:48] NOTICE: fpm is running, pid 8
[04-Jun-2018 17:01:48] NOTICE: ready to handle connections
[13-Jun-2018 14:55:22] NOTICE: Terminating ...
[13-Jun-2018 14:55:22] NOTICE: exiting, bye-bye!
[13-Jun-2018 15:00:32] NOTICE: fpm is running, pid 26
[13-Jun-2018 15:00:32] NOTICE: ready to handle connections
[15-Jun-2018 02:57:30] NOTICE: Terminating ...
[15-Jun-2018 02:57:30] NOTICE: exiting, bye-bye!
[17-Jun-2018 09:36:56] NOTICE: fpm is running, pid 25
[17-Jun-2018 09:36:56] NOTICE: ready to handle connections
[24-Jun-2018 21:48:10] NOTICE: fpm is running, pid 8
[24-Jun-2018 21:48:10] NOTICE: ready to handle connections
