2018-05-23 09:55:00 27 [Warning] Using unique option prefix myisam-recover instead of myisam-recover-options is deprecated and will be removed in a future release. Please use the full name instead.
2018-05-23 09:55:00 27 [Note] Plugin 'FEDERATED' is disabled.
2018-05-23 09:55:00 27 [Note] InnoDB: Using atomics to ref count buffer pool pages
2018-05-23 09:55:00 27 [Note] InnoDB: The InnoDB memory heap is disabled
2018-05-23 09:55:00 27 [Note] InnoDB: Mutexes and rw_locks use GCC atomic builtins
2018-05-23 09:55:00 27 [Note] InnoDB: Memory barrier is not used
2018-05-23 09:55:00 27 [Note] InnoDB: Compressed tables use zlib 1.2.3
2018-05-23 09:55:00 27 [Note] InnoDB: Using Linux native AIO
2018-05-23 09:55:00 27 [Note] InnoDB: Using CPU crc32 instructions
2018-05-23 09:55:00 27 [Note] InnoDB: Initializing buffer pool, size = 32.0M
2018-05-23 09:55:00 27 [Note] InnoDB: Completed initialization of buffer pool
2018-05-23 09:55:00 27 [Note] InnoDB: Highest supported file format is Barracuda.
2018-05-23 09:55:00 27 [Note] InnoDB: The log sequence numbers 1625987 and 1625987 in ibdata files do not match the log sequence number 1625997 in the ib_logfiles!
2018-05-23 09:55:00 27 [Note] InnoDB: Database was not shutdown normally!
2018-05-23 09:55:00 27 [Note] InnoDB: Starting crash recovery.
2018-05-23 09:55:00 27 [Note] InnoDB: Reading tablespace information from the .ibd files...
2018-05-23 09:55:00 27 [Note] InnoDB: Restoring possible half-written data pages 
2018-05-23 09:55:00 27 [Note] InnoDB: from the doublewrite buffer...
2018-05-23 09:55:01 27 [Note] InnoDB: 128 rollback segment(s) are active.
2018-05-23 09:55:01 27 [Note] InnoDB: Waiting for purge to start
2018-05-23 09:55:01 27 [Note] InnoDB: 5.6.37 started; log sequence number 1625997
2018-05-23 09:55:01 27 [Note] Server hostname (bind-address): '*'; port: 3306
2018-05-23 09:55:01 27 [Note] IPv6 is available.
2018-05-23 09:55:01 27 [Note]   - '::' resolves to '::';
2018-05-23 09:55:01 27 [Note] Server socket created on IP: '::'.
2018-05-23 09:55:01 27 [ERROR] /usr/sbin/mysqld: Table './mysql/user' is marked as crashed and should be repaired
2018-05-23 09:55:01 27 [Warning] Checking table:   './mysql/user'
2018-05-23 09:55:01 27 [ERROR] 1 client is using or hasn't closed the table properly
2018-05-23 09:55:01 27 [Warning] 'user' entry 'root@e24d0b5cccc1' ignored in --skip-name-resolve mode.
2018-05-23 09:55:01 27 [Warning] 'user' entry '@e24d0b5cccc1' ignored in --skip-name-resolve mode.
2018-05-23 09:55:01 27 [Warning] 'proxies_priv' entry '@ root@e24d0b5cccc1' ignored in --skip-name-resolve mode.
2018-05-23 09:55:01 27 [Note] Event Scheduler: Loaded 0 events
2018-05-23 09:55:01 27 [Note] /usr/sbin/mysqld: ready for connections.
Version: '5.6.37'  socket: '/var/run/mysqld/mysqld.sock'  port: 3306  MySQL Community Server (GPL)
2018-05-24 17:02:18 27 [Note] /usr/sbin/mysqld: Normal shutdown

2018-05-24 17:02:18 27 [Note] Giving 0 client threads a chance to die gracefully
2018-05-24 17:02:18 27 [Note] Event Scheduler: Purging the queue. 0 events
2018-05-24 17:02:18 27 [Note] Shutting down slave threads
2018-05-24 17:02:18 27 [Note] Forcefully disconnecting 0 remaining clients
2018-05-24 17:02:18 27 [Note] Binlog end
2018-05-24 17:02:18 27 [Note] Shutting down plugin 'partition'
2018-05-24 17:02:18 27 [Note] Shutting down plugin 'INNODB_SYS_DATAFILES'
2018-05-24 17:02:18 27 [Note] Shutting down plugin 'INNODB_SYS_TABLESPACES'
2018-05-24 17:02:18 27 [Note] Shutting down plugin 'INNODB_SYS_FOREIGN_COLS'
2018-05-24 17:02:18 27 [Note] Shutting down plugin 'INNODB_SYS_FOREIGN'
2018-05-24 17:02:18 27 [Note] Shutting down plugin 'INNODB_SYS_FIELDS'
2018-05-24 17:02:18 27 [Note] Shutting down plugin 'INNODB_SYS_COLUMNS'
2018-05-24 17:02:18 27 [Note] Shutting down plugin 'INNODB_SYS_INDEXES'
2018-05-24 17:02:18 27 [Note] Shutting down plugin 'INNODB_SYS_TABLESTATS'
2018-05-24 17:02:18 27 [Note] Shutting down plugin 'INNODB_SYS_TABLES'
2018-05-24 17:02:18 27 [Note] Shutting down plugin 'INNODB_FT_INDEX_TABLE'
2018-05-24 17:02:18 27 [Note] Shutting down plugin 'INNODB_FT_INDEX_CACHE'
2018-05-24 17:02:18 27 [Note] Shutting down plugin 'INNODB_FT_CONFIG'
2018-05-24 17:02:18 27 [Note] Shutting down plugin 'INNODB_FT_BEING_DELETED'
2018-05-24 17:02:18 27 [Note] Shutting down plugin 'INNODB_FT_DELETED'
2018-05-24 17:02:18 27 [Note] Shutting down plugin 'INNODB_FT_DEFAULT_STOPWORD'
2018-05-24 17:02:18 27 [Note] Shutting down plugin 'INNODB_METRICS'
2018-05-24 17:02:18 27 [Note] Shutting down plugin 'INNODB_BUFFER_POOL_STATS'
2018-05-24 17:02:18 27 [Note] Shutting down plugin 'INNODB_BUFFER_PAGE_LRU'
2018-05-24 17:02:18 27 [Note] Shutting down plugin 'INNODB_BUFFER_PAGE'
2018-05-24 17:02:18 27 [Note] Shutting down plugin 'INNODB_CMP_PER_INDEX_RESET'
2018-05-24 17:02:18 27 [Note] Shutting down plugin 'INNODB_CMP_PER_INDEX'
2018-05-24 17:02:18 27 [Note] Shutting down plugin 'INNODB_CMPMEM_RESET'
2018-05-24 17:02:18 27 [Note] Shutting down plugin 'INNODB_CMPMEM'
2018-05-24 17:02:18 27 [Note] Shutting down plugin 'INNODB_CMP_RESET'
2018-05-24 17:02:18 27 [Note] Shutting down plugin 'INNODB_CMP'
2018-05-24 17:02:18 27 [Note] Shutting down plugin 'INNODB_LOCK_WAITS'
2018-05-24 17:02:18 27 [Note] Shutting down plugin 'INNODB_LOCKS'
2018-05-24 17:02:18 27 [Note] Shutting down plugin 'INNODB_TRX'
2018-05-24 17:02:18 27 [Note] Shutting down plugin 'InnoDB'
2018-05-24 17:02:18 27 [Note] InnoDB: FTS optimize thread exiting.
2018-05-24 17:02:18 27 [Note] InnoDB: Starting shutdown...
2018-05-24 17:02:20 27 [Note] InnoDB: Shutdown completed; log sequence number 3172856
2018-05-24 17:02:20 27 [Note] Shutting down plugin 'BLACKHOLE'
2018-05-24 17:02:20 27 [Note] Shutting down plugin 'ARCHIVE'
2018-05-24 17:02:20 27 [Note] Shutting down plugin 'PERFORMANCE_SCHEMA'
2018-05-24 17:02:20 27 [Note] Shutting down plugin 'MEMORY'
2018-05-24 17:02:20 27 [Note] Shutting down plugin 'MyISAM'
2018-05-24 17:02:20 27 [Note] Shutting down plugin 'MRG_MYISAM'
2018-05-24 17:02:20 27 [Note] Shutting down plugin 'CSV'
2018-05-24 17:02:20 27 [Note] Shutting down plugin 'sha256_password'
2018-05-24 17:02:20 27 [Note] Shutting down plugin 'mysql_old_password'
2018-05-24 17:02:20 27 [Note] Shutting down plugin 'mysql_native_password'
2018-05-24 17:02:20 27 [Note] Shutting down plugin 'binlog'
2018-05-24 17:02:20 27 [Note] /usr/sbin/mysqld: Shutdown complete

2018-05-24 17:02:28 38 [Warning] Using unique option prefix myisam-recover instead of myisam-recover-options is deprecated and will be removed in a future release. Please use the full name instead.
2018-05-24 17:02:28 38 [Note] Plugin 'FEDERATED' is disabled.
2018-05-24 17:02:28 38 [Note] InnoDB: Using atomics to ref count buffer pool pages
2018-05-24 17:02:28 38 [Note] InnoDB: The InnoDB memory heap is disabled
2018-05-24 17:02:28 38 [Note] InnoDB: Mutexes and rw_locks use GCC atomic builtins
2018-05-24 17:02:28 38 [Note] InnoDB: Memory barrier is not used
2018-05-24 17:02:28 38 [Note] InnoDB: Compressed tables use zlib 1.2.3
2018-05-24 17:02:28 38 [Note] InnoDB: Using Linux native AIO
2018-05-24 17:02:28 38 [Note] InnoDB: Using CPU crc32 instructions
2018-05-24 17:02:28 38 [Note] InnoDB: Initializing buffer pool, size = 32.0M
2018-05-24 17:02:28 38 [Note] InnoDB: Completed initialization of buffer pool
2018-05-24 17:02:28 38 [Note] InnoDB: Highest supported file format is Barracuda.
2018-05-24 17:02:28 38 [Note] InnoDB: 128 rollback segment(s) are active.
2018-05-24 17:02:28 38 [Note] InnoDB: Waiting for purge to start
2018-05-24 17:02:28 38 [Note] InnoDB: 5.6.37 started; log sequence number 3172856
2018-05-24 17:02:28 38 [Note] Server hostname (bind-address): '*'; port: 3306
2018-05-24 17:02:28 38 [Note] IPv6 is available.
2018-05-24 17:02:28 38 [Note]   - '::' resolves to '::';
2018-05-24 17:02:28 38 [Note] Server socket created on IP: '::'.
2018-05-24 17:02:28 38 [Warning] 'user' entry 'root@e24d0b5cccc1' ignored in --skip-name-resolve mode.
2018-05-24 17:02:28 38 [Warning] 'user' entry '@e24d0b5cccc1' ignored in --skip-name-resolve mode.
2018-05-24 17:02:28 38 [Warning] 'proxies_priv' entry '@ root@e24d0b5cccc1' ignored in --skip-name-resolve mode.
2018-05-24 17:02:28 38 [Note] Event Scheduler: Loaded 0 events
2018-05-24 17:02:28 38 [Note] /usr/sbin/mysqld: ready for connections.
Version: '5.6.37'  socket: '/var/run/mysqld/mysqld.sock'  port: 3306  MySQL Community Server (GPL)
2018-05-27 13:59:37 39 [Warning] Using unique option prefix myisam-recover instead of myisam-recover-options is deprecated and will be removed in a future release. Please use the full name instead.
2018-05-27 13:59:37 39 [Note] Plugin 'FEDERATED' is disabled.
2018-05-27 13:59:37 39 [Note] InnoDB: Using atomics to ref count buffer pool pages
2018-05-27 13:59:37 39 [Note] InnoDB: The InnoDB memory heap is disabled
2018-05-27 13:59:37 39 [Note] InnoDB: Mutexes and rw_locks use GCC atomic builtins
2018-05-27 13:59:37 39 [Note] InnoDB: Memory barrier is not used
2018-05-27 13:59:37 39 [Note] InnoDB: Compressed tables use zlib 1.2.3
2018-05-27 13:59:37 39 [Note] InnoDB: Using Linux native AIO
2018-05-27 13:59:37 39 [Note] InnoDB: Using CPU crc32 instructions
2018-05-27 13:59:37 39 [Note] InnoDB: Initializing buffer pool, size = 32.0M
2018-05-27 13:59:37 39 [Note] InnoDB: Completed initialization of buffer pool
2018-05-27 13:59:37 39 [Note] InnoDB: Highest supported file format is Barracuda.
2018-05-27 13:59:37 39 [Note] InnoDB: The log sequence numbers 3172856 and 3172856 in ibdata files do not match the log sequence number 4486599 in the ib_logfiles!
2018-05-27 13:59:37 39 [Note] InnoDB: Database was not shutdown normally!
2018-05-27 13:59:37 39 [Note] InnoDB: Starting crash recovery.
2018-05-27 13:59:37 39 [Note] InnoDB: Reading tablespace information from the .ibd files...
2018-05-27 13:59:37 39 [Note] InnoDB: Restoring possible half-written data pages 
2018-05-27 13:59:37 39 [Note] InnoDB: from the doublewrite buffer...
2018-05-27 13:59:37 39 [Note] InnoDB: 128 rollback segment(s) are active.
2018-05-27 13:59:37 39 [Note] InnoDB: Waiting for purge to start
2018-05-27 13:59:37 39 [Note] InnoDB: 5.6.37 started; log sequence number 4486599
2018-05-27 13:59:37 39 [Note] Server hostname (bind-address): '*'; port: 3306
2018-05-27 13:59:37 39 [Note] IPv6 is available.
2018-05-27 13:59:37 39 [Note]   - '::' resolves to '::';
2018-05-27 13:59:37 39 [Note] Server socket created on IP: '::'.
2018-05-27 13:59:37 39 [Warning] 'user' entry 'root@e24d0b5cccc1' ignored in --skip-name-resolve mode.
2018-05-27 13:59:37 39 [Warning] 'user' entry '@e24d0b5cccc1' ignored in --skip-name-resolve mode.
2018-05-27 13:59:37 39 [Warning] 'proxies_priv' entry '@ root@e24d0b5cccc1' ignored in --skip-name-resolve mode.
2018-05-27 13:59:37 39 [Note] Event Scheduler: Loaded 0 events
2018-05-27 13:59:37 39 [Note] /usr/sbin/mysqld: ready for connections.
Version: '5.6.37'  socket: '/var/run/mysqld/mysqld.sock'  port: 3306  MySQL Community Server (GPL)
2018-05-28 23:54:07 39 [Note] /usr/sbin/mysqld: Normal shutdown

2018-05-28 23:54:07 39 [Note] Giving 0 client threads a chance to die gracefully
2018-05-28 23:54:07 39 [Note] Event Scheduler: Purging the queue. 0 events
2018-05-28 23:54:07 39 [Note] Shutting down slave threads
2018-05-28 23:54:07 39 [Note] Forcefully disconnecting 0 remaining clients
2018-05-28 23:54:07 39 [Note] Binlog end
2018-05-28 23:54:07 39 [Note] Shutting down plugin 'partition'
2018-05-28 23:54:07 39 [Note] Shutting down plugin 'INNODB_SYS_DATAFILES'
2018-05-28 23:54:07 39 [Note] Shutting down plugin 'INNODB_SYS_TABLESPACES'
2018-05-28 23:54:07 39 [Note] Shutting down plugin 'INNODB_SYS_FOREIGN_COLS'
2018-05-28 23:54:07 39 [Note] Shutting down plugin 'INNODB_SYS_FOREIGN'
2018-05-28 23:54:07 39 [Note] Shutting down plugin 'INNODB_SYS_FIELDS'
2018-05-28 23:54:07 39 [Note] Shutting down plugin 'INNODB_SYS_COLUMNS'
2018-05-28 23:54:07 39 [Note] Shutting down plugin 'INNODB_SYS_INDEXES'
2018-05-28 23:54:07 39 [Note] Shutting down plugin 'INNODB_SYS_TABLESTATS'
2018-05-28 23:54:07 39 [Note] Shutting down plugin 'INNODB_SYS_TABLES'
2018-05-28 23:54:07 39 [Note] Shutting down plugin 'INNODB_FT_INDEX_TABLE'
2018-05-28 23:54:07 39 [Note] Shutting down plugin 'INNODB_FT_INDEX_CACHE'
2018-05-28 23:54:07 39 [Note] Shutting down plugin 'INNODB_FT_CONFIG'
2018-05-28 23:54:07 39 [Note] Shutting down plugin 'INNODB_FT_BEING_DELETED'
2018-05-28 23:54:07 39 [Note] Shutting down plugin 'INNODB_FT_DELETED'
2018-05-28 23:54:07 39 [Note] Shutting down plugin 'INNODB_FT_DEFAULT_STOPWORD'
2018-05-28 23:54:07 39 [Note] Shutting down plugin 'INNODB_METRICS'
2018-05-28 23:54:07 39 [Note] Shutting down plugin 'INNODB_BUFFER_POOL_STATS'
2018-05-28 23:54:07 39 [Note] Shutting down plugin 'INNODB_BUFFER_PAGE_LRU'
2018-05-28 23:54:07 39 [Note] Shutting down plugin 'INNODB_BUFFER_PAGE'
2018-05-28 23:54:07 39 [Note] Shutting down plugin 'INNODB_CMP_PER_INDEX_RESET'
2018-05-28 23:54:07 39 [Note] Shutting down plugin 'INNODB_CMP_PER_INDEX'
2018-05-28 23:54:07 39 [Note] Shutting down plugin 'INNODB_CMPMEM_RESET'
2018-05-28 23:54:07 39 [Note] Shutting down plugin 'INNODB_CMPMEM'
2018-05-28 23:54:07 39 [Note] Shutting down plugin 'INNODB_CMP_RESET'
2018-05-28 23:54:07 39 [Note] Shutting down plugin 'INNODB_CMP'
2018-05-28 23:54:07 39 [Note] Shutting down plugin 'INNODB_LOCK_WAITS'
2018-05-28 23:54:07 39 [Note] Shutting down plugin 'INNODB_LOCKS'
2018-05-28 23:54:07 39 [Note] Shutting down plugin 'INNODB_TRX'
2018-05-28 23:54:07 39 [Note] Shutting down plugin 'InnoDB'
2018-05-28 23:54:07 39 [Note] InnoDB: FTS optimize thread exiting.
2018-05-28 23:54:07 39 [Note] InnoDB: Starting shutdown...
2018-05-28 23:54:08 39 [Note] InnoDB: Shutdown completed; log sequence number 5564597
2018-05-28 23:54:08 39 [Note] Shutting down plugin 'BLACKHOLE'
2018-05-28 23:54:08 39 [Note] Shutting down plugin 'ARCHIVE'
2018-05-28 23:54:08 39 [Note] Shutting down plugin 'PERFORMANCE_SCHEMA'
2018-05-28 23:54:08 39 [Note] Shutting down plugin 'MEMORY'
2018-05-28 23:54:08 39 [Note] Shutting down plugin 'MyISAM'
2018-05-28 23:54:08 39 [Note] Shutting down plugin 'MRG_MYISAM'
2018-05-28 23:54:08 39 [Note] Shutting down plugin 'CSV'
2018-05-28 23:54:08 39 [Note] Shutting down plugin 'sha256_password'
2018-05-28 23:54:08 39 [Note] Shutting down plugin 'mysql_old_password'
2018-05-28 23:54:08 39 [Note] Shutting down plugin 'mysql_native_password'
2018-05-28 23:54:08 39 [Note] Shutting down plugin 'binlog'
2018-05-28 23:54:08 39 [Note] /usr/sbin/mysqld: Shutdown complete

2018-05-28 23:54:50 42 [Warning] Using unique option prefix myisam-recover instead of myisam-recover-options is deprecated and will be removed in a future release. Please use the full name instead.
2018-05-28 23:54:50 42 [Note] Plugin 'FEDERATED' is disabled.
2018-05-28 23:54:50 42 [Note] InnoDB: Using atomics to ref count buffer pool pages
2018-05-28 23:54:50 42 [Note] InnoDB: The InnoDB memory heap is disabled
2018-05-28 23:54:50 42 [Note] InnoDB: Mutexes and rw_locks use GCC atomic builtins
2018-05-28 23:54:50 42 [Note] InnoDB: Memory barrier is not used
2018-05-28 23:54:50 42 [Note] InnoDB: Compressed tables use zlib 1.2.3
2018-05-28 23:54:50 42 [Note] InnoDB: Using Linux native AIO
2018-05-28 23:54:50 42 [Note] InnoDB: Using CPU crc32 instructions
2018-05-28 23:54:50 42 [Note] InnoDB: Initializing buffer pool, size = 32.0M
2018-05-28 23:54:50 42 [Note] InnoDB: Completed initialization of buffer pool
2018-05-28 23:54:50 42 [Note] InnoDB: Highest supported file format is Barracuda.
2018-05-28 23:54:50 42 [Note] InnoDB: 128 rollback segment(s) are active.
2018-05-28 23:54:50 42 [Note] InnoDB: Waiting for purge to start
2018-05-28 23:54:50 42 [Note] InnoDB: 5.6.37 started; log sequence number 5564597
2018-05-28 23:54:50 42 [Note] Server hostname (bind-address): '*'; port: 3306
2018-05-28 23:54:50 42 [Note] IPv6 is available.
2018-05-28 23:54:50 42 [Note]   - '::' resolves to '::';
2018-05-28 23:54:50 42 [Note] Server socket created on IP: '::'.
2018-05-28 23:54:50 42 [Warning] 'user' entry 'root@e24d0b5cccc1' ignored in --skip-name-resolve mode.
2018-05-28 23:54:50 42 [Warning] 'user' entry '@e24d0b5cccc1' ignored in --skip-name-resolve mode.
2018-05-28 23:54:50 42 [Warning] 'proxies_priv' entry '@ root@e24d0b5cccc1' ignored in --skip-name-resolve mode.
2018-05-28 23:54:50 42 [Note] Event Scheduler: Loaded 0 events
2018-05-28 23:54:50 42 [Note] /usr/sbin/mysqld: ready for connections.
Version: '5.6.37'  socket: '/var/run/mysqld/mysqld.sock'  port: 3306  MySQL Community Server (GPL)
2018-06-04 17:01:48 19 [Warning] Using unique option prefix myisam-recover instead of myisam-recover-options is deprecated and will be removed in a future release. Please use the full name instead.
2018-06-04 17:01:48 19 [Note] Plugin 'FEDERATED' is disabled.
2018-06-04 17:01:48 19 [Note] InnoDB: Using atomics to ref count buffer pool pages
2018-06-04 17:01:48 19 [Note] InnoDB: The InnoDB memory heap is disabled
2018-06-04 17:01:48 19 [Note] InnoDB: Mutexes and rw_locks use GCC atomic builtins
2018-06-04 17:01:48 19 [Note] InnoDB: Memory barrier is not used
2018-06-04 17:01:48 19 [Note] InnoDB: Compressed tables use zlib 1.2.3
2018-06-04 17:01:48 19 [Note] InnoDB: Using Linux native AIO
2018-06-04 17:01:48 19 [Note] InnoDB: Using CPU crc32 instructions
2018-06-04 17:01:48 19 [Note] InnoDB: Initializing buffer pool, size = 32.0M
2018-06-04 17:01:48 19 [Note] InnoDB: Completed initialization of buffer pool
2018-06-04 17:01:48 19 [Note] InnoDB: Highest supported file format is Barracuda.
2018-06-04 17:01:48 19 [Note] InnoDB: The log sequence numbers 5564597 and 5564597 in ibdata files do not match the log sequence number 6093749 in the ib_logfiles!
2018-06-04 17:01:48 19 [Note] InnoDB: Database was not shutdown normally!
2018-06-04 17:01:48 19 [Note] InnoDB: Starting crash recovery.
2018-06-04 17:01:48 19 [Note] InnoDB: Reading tablespace information from the .ibd files...
2018-06-04 17:01:48 19 [Note] InnoDB: Restoring possible half-written data pages 
2018-06-04 17:01:48 19 [Note] InnoDB: from the doublewrite buffer...
2018-06-04 17:01:48 19 [Note] InnoDB: 128 rollback segment(s) are active.
2018-06-04 17:01:48 19 [Note] InnoDB: Waiting for purge to start
2018-06-04 17:01:48 19 [Note] InnoDB: 5.6.37 started; log sequence number 6093749
2018-06-04 17:01:48 19 [Note] Server hostname (bind-address): '*'; port: 3306
2018-06-04 17:01:48 19 [Note] IPv6 is available.
2018-06-04 17:01:48 19 [Note]   - '::' resolves to '::';
2018-06-04 17:01:48 19 [Note] Server socket created on IP: '::'.
2018-06-04 17:01:48 19 [Warning] 'user' entry 'root@e24d0b5cccc1' ignored in --skip-name-resolve mode.
2018-06-04 17:01:48 19 [Warning] 'user' entry '@e24d0b5cccc1' ignored in --skip-name-resolve mode.
2018-06-04 17:01:48 19 [Warning] 'proxies_priv' entry '@ root@e24d0b5cccc1' ignored in --skip-name-resolve mode.
2018-06-04 17:01:48 19 [Note] Event Scheduler: Loaded 0 events
2018-06-04 17:01:48 19 [Note] /usr/sbin/mysqld: ready for connections.
Version: '5.6.37'  socket: '/var/run/mysqld/mysqld.sock'  port: 3306  MySQL Community Server (GPL)
2018-06-13 14:55:21 19 [Note] /usr/sbin/mysqld: Normal shutdown

2018-06-13 14:55:21 19 [Note] Giving 0 client threads a chance to die gracefully
2018-06-13 14:55:21 19 [Note] Event Scheduler: Purging the queue. 0 events
2018-06-13 14:55:21 19 [Note] Shutting down slave threads
2018-06-13 14:55:21 19 [Note] Forcefully disconnecting 0 remaining clients
2018-06-13 14:55:21 19 [Note] Binlog end
2018-06-13 14:55:21 19 [Note] Shutting down plugin 'partition'
2018-06-13 14:55:21 19 [Note] Shutting down plugin 'INNODB_SYS_DATAFILES'
2018-06-13 14:55:21 19 [Note] Shutting down plugin 'INNODB_SYS_TABLESPACES'
2018-06-13 14:55:21 19 [Note] Shutting down plugin 'INNODB_SYS_FOREIGN_COLS'
2018-06-13 14:55:21 19 [Note] Shutting down plugin 'INNODB_SYS_FOREIGN'
2018-06-13 14:55:21 19 [Note] Shutting down plugin 'INNODB_SYS_FIELDS'
2018-06-13 14:55:21 19 [Note] Shutting down plugin 'INNODB_SYS_COLUMNS'
2018-06-13 14:55:21 19 [Note] Shutting down plugin 'INNODB_SYS_INDEXES'
2018-06-13 14:55:21 19 [Note] Shutting down plugin 'INNODB_SYS_TABLESTATS'
2018-06-13 14:55:21 19 [Note] Shutting down plugin 'INNODB_SYS_TABLES'
2018-06-13 14:55:21 19 [Note] Shutting down plugin 'INNODB_FT_INDEX_TABLE'
2018-06-13 14:55:21 19 [Note] Shutting down plugin 'INNODB_FT_INDEX_CACHE'
2018-06-13 14:55:21 19 [Note] Shutting down plugin 'INNODB_FT_CONFIG'
2018-06-13 14:55:21 19 [Note] Shutting down plugin 'INNODB_FT_BEING_DELETED'
2018-06-13 14:55:21 19 [Note] Shutting down plugin 'INNODB_FT_DELETED'
2018-06-13 14:55:21 19 [Note] Shutting down plugin 'INNODB_FT_DEFAULT_STOPWORD'
2018-06-13 14:55:21 19 [Note] Shutting down plugin 'INNODB_METRICS'
2018-06-13 14:55:21 19 [Note] Shutting down plugin 'INNODB_BUFFER_POOL_STATS'
2018-06-13 14:55:21 19 [Note] Shutting down plugin 'INNODB_BUFFER_PAGE_LRU'
2018-06-13 14:55:21 19 [Note] Shutting down plugin 'INNODB_BUFFER_PAGE'
2018-06-13 14:55:21 19 [Note] Shutting down plugin 'INNODB_CMP_PER_INDEX_RESET'
2018-06-13 14:55:21 19 [Note] Shutting down plugin 'INNODB_CMP_PER_INDEX'
2018-06-13 14:55:21 19 [Note] Shutting down plugin 'INNODB_CMPMEM_RESET'
2018-06-13 14:55:21 19 [Note] Shutting down plugin 'INNODB_CMPMEM'
2018-06-13 14:55:21 19 [Note] Shutting down plugin 'INNODB_CMP_RESET'
2018-06-13 14:55:21 19 [Note] Shutting down plugin 'INNODB_CMP'
2018-06-13 14:55:21 19 [Note] Shutting down plugin 'INNODB_LOCK_WAITS'
2018-06-13 14:55:21 19 [Note] Shutting down plugin 'INNODB_LOCKS'
2018-06-13 14:55:21 19 [Note] Shutting down plugin 'INNODB_TRX'
2018-06-13 14:55:21 19 [Note] Shutting down plugin 'InnoDB'
2018-06-13 14:55:21 19 [Note] InnoDB: FTS optimize thread exiting.
2018-06-13 14:55:21 19 [Note] InnoDB: Starting shutdown...
2018-06-13 14:55:22 19 [Note] InnoDB: Shutdown completed; log sequence number 9642321
2018-06-13 14:55:22 19 [Note] Shutting down plugin 'BLACKHOLE'
2018-06-13 14:55:22 19 [Note] Shutting down plugin 'ARCHIVE'
2018-06-13 14:55:22 19 [Note] Shutting down plugin 'PERFORMANCE_SCHEMA'
2018-06-13 14:55:22 19 [Note] Shutting down plugin 'MEMORY'
2018-06-13 14:55:22 19 [Note] Shutting down plugin 'MyISAM'
2018-06-13 14:55:22 19 [Note] Shutting down plugin 'MRG_MYISAM'
2018-06-13 14:55:22 19 [Note] Shutting down plugin 'CSV'
2018-06-13 14:55:22 19 [Note] Shutting down plugin 'sha256_password'
2018-06-13 14:55:22 19 [Note] Shutting down plugin 'mysql_old_password'
2018-06-13 14:55:22 19 [Note] Shutting down plugin 'mysql_native_password'
2018-06-13 14:55:22 19 [Note] Shutting down plugin 'binlog'
2018-06-13 14:55:22 19 [Note] /usr/sbin/mysqld: Shutdown complete

2018-06-13 15:00:32 39 [Warning] Using unique option prefix myisam-recover instead of myisam-recover-options is deprecated and will be removed in a future release. Please use the full name instead.
2018-06-13 15:00:32 39 [Note] Plugin 'FEDERATED' is disabled.
2018-06-13 15:00:32 39 [Note] InnoDB: Using atomics to ref count buffer pool pages
2018-06-13 15:00:32 39 [Note] InnoDB: The InnoDB memory heap is disabled
2018-06-13 15:00:32 39 [Note] InnoDB: Mutexes and rw_locks use GCC atomic builtins
2018-06-13 15:00:32 39 [Note] InnoDB: Memory barrier is not used
2018-06-13 15:00:32 39 [Note] InnoDB: Compressed tables use zlib 1.2.3
2018-06-13 15:00:32 39 [Note] InnoDB: Using Linux native AIO
2018-06-13 15:00:32 39 [Note] InnoDB: Using CPU crc32 instructions
2018-06-13 15:00:32 39 [Note] InnoDB: Initializing buffer pool, size = 32.0M
2018-06-13 15:00:32 39 [Note] InnoDB: Completed initialization of buffer pool
2018-06-13 15:00:32 39 [Note] InnoDB: Highest supported file format is Barracuda.
2018-06-13 15:00:32 39 [Note] InnoDB: 128 rollback segment(s) are active.
2018-06-13 15:00:32 39 [Note] InnoDB: Waiting for purge to start
2018-06-13 15:00:32 39 [Note] InnoDB: 5.6.37 started; log sequence number 9642321
2018-06-13 15:00:32 39 [Note] Server hostname (bind-address): '*'; port: 3306
2018-06-13 15:00:32 39 [Note] IPv6 is available.
2018-06-13 15:00:32 39 [Note]   - '::' resolves to '::';
2018-06-13 15:00:32 39 [Note] Server socket created on IP: '::'.
2018-06-13 15:00:32 39 [Warning] 'user' entry 'root@e24d0b5cccc1' ignored in --skip-name-resolve mode.
2018-06-13 15:00:32 39 [Warning] 'user' entry '@e24d0b5cccc1' ignored in --skip-name-resolve mode.
2018-06-13 15:00:32 39 [Warning] 'proxies_priv' entry '@ root@e24d0b5cccc1' ignored in --skip-name-resolve mode.
2018-06-13 15:00:32 39 [Note] Event Scheduler: Loaded 0 events
2018-06-13 15:00:32 39 [Note] /usr/sbin/mysqld: ready for connections.
Version: '5.6.37'  socket: '/var/run/mysqld/mysqld.sock'  port: 3306  MySQL Community Server (GPL)
2018-06-15 02:57:29 39 [Note] /usr/sbin/mysqld: Normal shutdown

2018-06-15 02:57:29 39 [Note] Giving 0 client threads a chance to die gracefully
2018-06-15 02:57:29 39 [Note] Event Scheduler: Purging the queue. 0 events
2018-06-15 02:57:29 39 [Note] Shutting down slave threads
2018-06-15 02:57:29 39 [Note] Forcefully disconnecting 0 remaining clients
2018-06-15 02:57:29 39 [Note] Binlog end
2018-06-15 02:57:29 39 [Note] Shutting down plugin 'partition'
2018-06-15 02:57:29 39 [Note] Shutting down plugin 'INNODB_SYS_DATAFILES'
2018-06-15 02:57:29 39 [Note] Shutting down plugin 'INNODB_SYS_TABLESPACES'
2018-06-15 02:57:29 39 [Note] Shutting down plugin 'INNODB_SYS_FOREIGN_COLS'
2018-06-15 02:57:29 39 [Note] Shutting down plugin 'INNODB_SYS_FOREIGN'
2018-06-15 02:57:29 39 [Note] Shutting down plugin 'INNODB_SYS_FIELDS'
2018-06-15 02:57:29 39 [Note] Shutting down plugin 'INNODB_SYS_COLUMNS'
2018-06-15 02:57:29 39 [Note] Shutting down plugin 'INNODB_SYS_INDEXES'
2018-06-15 02:57:29 39 [Note] Shutting down plugin 'INNODB_SYS_TABLESTATS'
2018-06-15 02:57:29 39 [Note] Shutting down plugin 'INNODB_SYS_TABLES'
2018-06-15 02:57:29 39 [Note] Shutting down plugin 'INNODB_FT_INDEX_TABLE'
2018-06-15 02:57:29 39 [Note] Shutting down plugin 'INNODB_FT_INDEX_CACHE'
2018-06-15 02:57:29 39 [Note] Shutting down plugin 'INNODB_FT_CONFIG'
2018-06-15 02:57:29 39 [Note] Shutting down plugin 'INNODB_FT_BEING_DELETED'
2018-06-15 02:57:29 39 [Note] Shutting down plugin 'INNODB_FT_DELETED'
2018-06-15 02:57:29 39 [Note] Shutting down plugin 'INNODB_FT_DEFAULT_STOPWORD'
2018-06-15 02:57:29 39 [Note] Shutting down plugin 'INNODB_METRICS'
2018-06-15 02:57:29 39 [Note] Shutting down plugin 'INNODB_BUFFER_POOL_STATS'
2018-06-15 02:57:29 39 [Note] Shutting down plugin 'INNODB_BUFFER_PAGE_LRU'
2018-06-15 02:57:29 39 [Note] Shutting down plugin 'INNODB_BUFFER_PAGE'
2018-06-15 02:57:29 39 [Note] Shutting down plugin 'INNODB_CMP_PER_INDEX_RESET'
2018-06-15 02:57:29 39 [Note] Shutting down plugin 'INNODB_CMP_PER_INDEX'
2018-06-15 02:57:29 39 [Note] Shutting down plugin 'INNODB_CMPMEM_RESET'
2018-06-15 02:57:29 39 [Note] Shutting down plugin 'INNODB_CMPMEM'
2018-06-15 02:57:29 39 [Note] Shutting down plugin 'INNODB_CMP_RESET'
2018-06-15 02:57:29 39 [Note] Shutting down plugin 'INNODB_CMP'
2018-06-15 02:57:29 39 [Note] Shutting down plugin 'INNODB_LOCK_WAITS'
2018-06-15 02:57:29 39 [Note] Shutting down plugin 'INNODB_LOCKS'
2018-06-15 02:57:29 39 [Note] Shutting down plugin 'INNODB_TRX'
2018-06-15 02:57:29 39 [Note] Shutting down plugin 'InnoDB'
2018-06-15 02:57:29 39 [Note] InnoDB: FTS optimize thread exiting.
2018-06-15 02:57:29 39 [Note] InnoDB: Starting shutdown...
2018-06-15 02:57:30 39 [Note] InnoDB: Shutdown completed; log sequence number 11014269
2018-06-15 02:57:30 39 [Note] Shutting down plugin 'BLACKHOLE'
2018-06-15 02:57:30 39 [Note] Shutting down plugin 'ARCHIVE'
2018-06-15 02:57:30 39 [Note] Shutting down plugin 'PERFORMANCE_SCHEMA'
2018-06-15 02:57:30 39 [Note] Shutting down plugin 'MEMORY'
2018-06-15 02:57:30 39 [Note] Shutting down plugin 'MyISAM'
2018-06-15 02:57:30 39 [Note] Shutting down plugin 'MRG_MYISAM'
2018-06-15 02:57:30 39 [Note] Shutting down plugin 'CSV'
2018-06-15 02:57:30 39 [Note] Shutting down plugin 'sha256_password'
2018-06-15 02:57:30 39 [Note] Shutting down plugin 'mysql_old_password'
2018-06-15 02:57:30 39 [Note] Shutting down plugin 'mysql_native_password'
2018-06-15 02:57:30 39 [Note] Shutting down plugin 'binlog'
2018-06-15 02:57:30 39 [Note] /usr/sbin/mysqld: Shutdown complete

2018-06-17 09:36:57 38 [Warning] Using unique option prefix myisam-recover instead of myisam-recover-options is deprecated and will be removed in a future release. Please use the full name instead.
2018-06-17 09:36:57 38 [Note] Plugin 'FEDERATED' is disabled.
2018-06-17 09:36:57 38 [Note] InnoDB: Using atomics to ref count buffer pool pages
2018-06-17 09:36:57 38 [Note] InnoDB: The InnoDB memory heap is disabled
2018-06-17 09:36:57 38 [Note] InnoDB: Mutexes and rw_locks use GCC atomic builtins
2018-06-17 09:36:57 38 [Note] InnoDB: Memory barrier is not used
2018-06-17 09:36:57 38 [Note] InnoDB: Compressed tables use zlib 1.2.3
2018-06-17 09:36:57 38 [Note] InnoDB: Using Linux native AIO
2018-06-17 09:36:57 38 [Note] InnoDB: Using CPU crc32 instructions
2018-06-17 09:36:57 38 [Note] InnoDB: Initializing buffer pool, size = 32.0M
2018-06-17 09:36:57 38 [Note] InnoDB: Completed initialization of buffer pool
2018-06-17 09:36:57 38 [Note] InnoDB: Highest supported file format is Barracuda.
2018-06-17 09:36:57 38 [Note] InnoDB: 128 rollback segment(s) are active.
2018-06-17 09:36:57 38 [Note] InnoDB: Waiting for purge to start
2018-06-17 09:36:57 38 [Note] InnoDB: 5.6.37 started; log sequence number 11014269
2018-06-17 09:36:57 38 [Note] Server hostname (bind-address): '*'; port: 3306
2018-06-17 09:36:57 38 [Note] IPv6 is available.
2018-06-17 09:36:57 38 [Note]   - '::' resolves to '::';
2018-06-17 09:36:57 38 [Note] Server socket created on IP: '::'.
2018-06-17 09:36:57 38 [Warning] 'user' entry 'root@e24d0b5cccc1' ignored in --skip-name-resolve mode.
2018-06-17 09:36:57 38 [Warning] 'user' entry '@e24d0b5cccc1' ignored in --skip-name-resolve mode.
2018-06-17 09:36:57 38 [Warning] 'proxies_priv' entry '@ root@e24d0b5cccc1' ignored in --skip-name-resolve mode.
2018-06-17 09:36:57 38 [Note] Event Scheduler: Loaded 0 events
2018-06-17 09:36:57 38 [Note] /usr/sbin/mysqld: ready for connections.
Version: '5.6.37'  socket: '/var/run/mysqld/mysqld.sock'  port: 3306  MySQL Community Server (GPL)
2018-06-24 21:48:10 21 [Warning] Using unique option prefix myisam-recover instead of myisam-recover-options is deprecated and will be removed in a future release. Please use the full name instead.
2018-06-24 21:48:10 21 [Note] Plugin 'FEDERATED' is disabled.
2018-06-24 21:48:10 21 [Note] InnoDB: Using atomics to ref count buffer pool pages
2018-06-24 21:48:10 21 [Note] InnoDB: The InnoDB memory heap is disabled
2018-06-24 21:48:10 21 [Note] InnoDB: Mutexes and rw_locks use GCC atomic builtins
2018-06-24 21:48:10 21 [Note] InnoDB: Memory barrier is not used
2018-06-24 21:48:10 21 [Note] InnoDB: Compressed tables use zlib 1.2.3
2018-06-24 21:48:10 21 [Note] InnoDB: Using Linux native AIO
2018-06-24 21:48:10 21 [Note] InnoDB: Using CPU crc32 instructions
2018-06-24 21:48:10 21 [Note] InnoDB: Initializing buffer pool, size = 32.0M
2018-06-24 21:48:10 21 [Note] InnoDB: Completed initialization of buffer pool
2018-06-24 21:48:10 21 [Note] InnoDB: Highest supported file format is Barracuda.
2018-06-24 21:48:10 21 [Note] InnoDB: The log sequence numbers 11014269 and 11014269 in ibdata files do not match the log sequence number 11095606 in the ib_logfiles!
2018-06-24 21:48:10 21 [Note] InnoDB: Database was not shutdown normally!
2018-06-24 21:48:10 21 [Note] InnoDB: Starting crash recovery.
2018-06-24 21:48:10 21 [Note] InnoDB: Reading tablespace information from the .ibd files...
2018-06-24 21:48:10 21 [Note] InnoDB: Restoring possible half-written data pages 
2018-06-24 21:48:10 21 [Note] InnoDB: from the doublewrite buffer...
2018-06-24 21:48:10 21 [Note] InnoDB: 128 rollback segment(s) are active.
2018-06-24 21:48:10 21 [Note] InnoDB: Waiting for purge to start
2018-06-24 21:48:10 21 [Note] InnoDB: 5.6.37 started; log sequence number 11095606
2018-06-24 21:48:10 21 [Note] Server hostname (bind-address): '*'; port: 3306
2018-06-24 21:48:10 21 [Note] IPv6 is available.
2018-06-24 21:48:10 21 [Note]   - '::' resolves to '::';
2018-06-24 21:48:10 21 [Note] Server socket created on IP: '::'.
2018-06-24 21:48:10 21 [Warning] 'user' entry 'root@e24d0b5cccc1' ignored in --skip-name-resolve mode.
2018-06-24 21:48:10 21 [Warning] 'user' entry '@e24d0b5cccc1' ignored in --skip-name-resolve mode.
2018-06-24 21:48:10 21 [Warning] 'proxies_priv' entry '@ root@e24d0b5cccc1' ignored in --skip-name-resolve mode.
2018-06-24 21:48:10 21 [Note] Event Scheduler: Loaded 0 events
2018-06-24 21:48:10 21 [Note] /usr/sbin/mysqld: ready for connections.
Version: '5.6.37'  socket: '/var/run/mysqld/mysqld.sock'  port: 3306  MySQL Community Server (GPL)
